* installing *source* package ‘rpanel’ ...
** using staged installation
** R
** data
*** moving datasets to lazyload DB
** demo
** inst
** byte-compile and prepare package for lazy loading
Warning message:
In fun(libname, pkgname) :
  couldn't connect to display "/private/tmp/com.apple.launchd.REVaCOnecx/org.xquartz:0"
** help
*** installing help indices
** building package indices
** testing if installed package can be loaded from temporary location
Warning in fun(libname, pkgname) :
  couldn't connect to display "/private/tmp/com.apple.launchd.REVaCOnecx/org.xquartz:0"
** testing if installed package can be loaded from final location
Warning in fun(libname, pkgname) :
  couldn't connect to display "/private/tmp/com.apple.launchd.REVaCOnecx/org.xquartz:0"
** testing if installed package keeps a record of temporary installation path
* DONE (rpanel)
