Hmm ... looks like a package
Converting parsed Rd's to LaTeX .......
Creating pdf output from LaTeX ...

This is pdfTeX, Version 3.141592653-2.6-1.40.24 (TeX Live 2022) (preloaded format=pdflatex)
 restricted \write18 enabled.
entering extended mode
LaTeX2e <2021-11-15> patch level 1
L3 programming layer <2022-02-24> (./Rd2.tex
(/usr/local/texlive/2022/texmf-dist/tex/latex/base/book.cls
Document Class: book 2021/10/04 v1.4n Standard LaTeX document class
(/usr/local/texlive/2022/texmf-dist/tex/latex/base/bk10.clo))
(/Library/Frameworks/R.framework/Resources/share/texmf/tex/latex/Rd.sty
(/usr/local/texlive/2022/texmf-dist/tex/latex/base/ifthen.sty)
(/usr/local/texlive/2022/texmf-dist/tex/generic/iftex/iftex.sty)
(/usr/local/texlive/2022/texmf-dist/tex/latex/tools/longtable.sty)
(/usr/local/texlive/2022/texmf-dist/tex/latex/tools/bm.sty)
(/usr/local/texlive/2022/texmf-dist/tex/latex/base/alltt.sty)
(/usr/local/texlive/2022/texmf-dist/tex/latex/tools/verbatim.sty)
(/usr/local/texlive/2022/texmf-dist/tex/latex/url/url.sty)
(/usr/local/texlive/2022/texmf-dist/tex/latex/base/textcomp.sty)
(/usr/local/texlive/2022/texmf-dist/tex/latex/amsmath/amsmath.sty
For additional information on amsmath, use the `?' option.
(/usr/local/texlive/2022/texmf-dist/tex/latex/amsmath/amstext.sty
(/usr/local/texlive/2022/texmf-dist/tex/latex/amsmath/amsgen.sty))
(/usr/local/texlive/2022/texmf-dist/tex/latex/amsmath/amsbsy.sty)
(/usr/local/texlive/2022/texmf-dist/tex/latex/amsmath/amsopn.sty))
(/usr/local/texlive/2022/texmf-dist/tex/latex/amsfonts/amsfonts.sty)
(/usr/local/texlive/2022/texmf-dist/tex/latex/amsfonts/amssymb.sty)
(/usr/local/texlive/2022/texmf-dist/tex/latex/jknapltx/mathrsfs.sty)
(/usr/local/texlive/2022/texmf-dist/tex/latex/base/fontenc.sty)
(/usr/local/texlive/2022/texmf-dist/tex/latex/psnfss/times.sty)
(/usr/local/texlive/2022/texmf-dist/tex/latex/inconsolata/zi4.sty
`inconsolata-zi4' v1.12, 2019/05/17 Text macros for Inconsolata (msharpe)
(/usr/local/texlive/2022/texmf-dist/tex/latex/xkeyval/xkeyval.sty
(/usr/local/texlive/2022/texmf-dist/tex/generic/xkeyval/xkeyval.tex
(/usr/local/texlive/2022/texmf-dist/tex/generic/xkeyval/xkvutils.tex
(/usr/local/texlive/2022/texmf-dist/tex/generic/xkeyval/keyval.tex)))))
(/usr/local/texlive/2022/texmf-dist/tex/latex/graphics/color.sty
(/usr/local/texlive/2022/texmf-dist/tex/latex/graphics-cfg/color.cfg)
(/usr/local/texlive/2022/texmf-dist/tex/latex/graphics-def/pdftex.def))
(/usr/local/texlive/2022/texmf-dist/tex/latex/hyperref/hyperref.sty
(/usr/local/texlive/2022/texmf-dist/tex/generic/ltxcmds/ltxcmds.sty)
(/usr/local/texlive/2022/texmf-dist/tex/generic/pdftexcmds/pdftexcmds.sty
(/usr/local/texlive/2022/texmf-dist/tex/generic/infwarerr/infwarerr.sty))
(/usr/local/texlive/2022/texmf-dist/tex/generic/kvsetkeys/kvsetkeys.sty)
(/usr/local/texlive/2022/texmf-dist/tex/generic/kvdefinekeys/kvdefinekeys.sty)
(/usr/local/texlive/2022/texmf-dist/tex/generic/pdfescape/pdfescape.sty)
(/usr/local/texlive/2022/texmf-dist/tex/latex/hycolor/hycolor.sty)
(/usr/local/texlive/2022/texmf-dist/tex/latex/letltxmacro/letltxmacro.sty)
(/usr/local/texlive/2022/texmf-dist/tex/latex/auxhook/auxhook.sty)
(/usr/local/texlive/2022/texmf-dist/tex/latex/kvoptions/kvoptions.sty)
(/usr/local/texlive/2022/texmf-dist/tex/latex/hyperref/pd1enc.def)
(/usr/local/texlive/2022/texmf-dist/tex/generic/intcalc/intcalc.sty)
(/usr/local/texlive/2022/texmf-dist/tex/generic/etexcmds/etexcmds.sty)
(/usr/local/texlive/2022/texmf-dist/tex/latex/hyperref/puenc.def)
(/usr/local/texlive/2022/texmf-dist/tex/generic/bitset/bitset.sty
(/usr/local/texlive/2022/texmf-dist/tex/generic/bigintcalc/bigintcalc.sty))
(/usr/local/texlive/2022/texmf-dist/tex/latex/base/atbegshi-ltx.sty))
(/usr/local/texlive/2022/texmf-dist/tex/latex/hyperref/hpdftex.def
(/usr/local/texlive/2022/texmf-dist/tex/latex/base/atveryend-ltx.sty)
(/usr/local/texlive/2022/texmf-dist/tex/latex/rerunfilecheck/rerunfilecheck.sty

(/usr/local/texlive/2022/texmf-dist/tex/generic/uniquecounter/uniquecounter.sty
)))) (/usr/local/texlive/2022/texmf-dist/tex/latex/base/makeidx.sty)
Writing index file Rd2.idx
(/usr/local/texlive/2022/texmf-dist/tex/latex/psnfss/t1ptm.fd)
(/usr/local/texlive/2022/texmf-dist/tex/latex/l3backend/l3backend-pdftex.def)
No file Rd2.aux.
(/usr/local/texlive/2022/texmf-dist/tex/context/base/mkii/supp-pdf.mkii
[Loading MPS to PDF converter (version 2006.09.02).]
) (/usr/local/texlive/2022/texmf-dist/tex/latex/hyperref/nameref.sty
(/usr/local/texlive/2022/texmf-dist/tex/latex/refcount/refcount.sty)
(/usr/local/texlive/2022/texmf-dist/tex/generic/gettitlestring/gettitlestring.s
ty)) (/usr/local/texlive/2022/texmf-dist/tex/latex/psnfss/ts1ptm.fd)
(/usr/local/texlive/2022/texmf-dist/tex/latex/inconsolata/t1zi4.fd)
(/usr/local/texlive/2022/texmf-dist/tex/latex/amsfonts/umsa.fd)
(/usr/local/texlive/2022/texmf-dist/tex/latex/amsfonts/umsb.fd)
(/usr/local/texlive/2022/texmf-dist/tex/latex/jknapltx/ursfs.fd) [1{/usr/local/
texlive/2022/texmf-var/fonts/map/pdftex/updmap/pdftex.map}]
Underfull \hbox (badness 10000) in paragraph at lines 57--115


Underfull \hbox (badness 10000) in paragraph at lines 57--115


Underfull \hbox (badness 10000) in paragraph at lines 57--115


Underfull \hbox (badness 10000) in paragraph at lines 57--115


Underfull \hbox (badness 10000) in paragraph at lines 57--115


Underfull \hbox (badness 10000) in paragraph at lines 57--115


Underfull \hbox (badness 10000) in paragraph at lines 57--115

[2]
Overfull \hbox (14.78088pt too wide) in paragraph at lines 130--131
[][][]\T1/zi4/m/n/10 rp.control[][][][]\T1/ptm/m/n/10 ,[][][]\T1/zi4/m/n/10 rp.
button[][][][]\T1/ptm/m/n/10 ,[][][]\T1/zi4/m/n/10 rp.slider[][][][]\T1/ptm/m/n
/10 ,[][][]\T1/zi4/m/n/10 rp.doublebutton[][][][]\T1/ptm/m/n/10 ,[][][]\T1/zi4/
m/n/10 rp.textentry[][][][]\T1/ptm/m/n/10 ,[][][]\T1/zi4/m/n/10 rp.checkbox[][]
[][]\T1/ptm/m/n/10 ,[][][]\T1/zi4/m/n/10 rp.radiogroup[][][] 

Overfull \hbox (2.75702pt too wide) in paragraph at lines 146--152
\T1/ptm/m/n/10 service-hours, be-tween fail-ures of the air-conditioning equip-
ment in a Boe-ing 720 air-craft. (Proschan
[3] [4] [5] [6] [7]
Overfull \hbox (0.22615pt too wide) in paragraph at lines 365--366
[]\T1/ptm/m/n/10 Access to these data was kindly fa-cil-i-tated by the Manuscri
pt Di-vi-sion of the US Li-brary of Congress

Overfull \hbox (44.89676pt too wide) in paragraph at lines 371--372
[]\T1/ptm/m/n/10 Alexander Gra-ham Bell fam-ily pa-pers, 1834-1974. US Li-brary
 of Congress. https://lccn.loc.gov/mm76051268. 
[8] [9] [10] [11]
(/usr/local/texlive/2022/texmf-dist/tex/latex/inconsolata/ts1zi4.fd) [12]
Overfull \hbox (16.3794pt too wide) in paragraph at lines 670--670
 []\T1/zi4/m/n/10 rp.anova(y, x, z, model = NA, model0 = NA, ylab = NA, xlab = 
NA, zlab = NA, title = NULL, 
[13] [14] (/usr/local/texlive/2022/texmf-dist/tex/latex/psnfss/t1phv.fd)
[15] [16] [17] [18]
Overfull \hbox (8.13824pt too wide) in paragraph at lines 981--983
[]\T1/ptm/m/n/10 the ti-tle of the check-box group. This de-faults to the name 
of the vari-able []\T1/zi4/m/n/10 variable[]\T1/ptm/m/n/10 . 
[19] [20] [21] [22] [23] [24] [25] [26] [27] [28]
Overfull \hbox (13.92102pt too wide) in paragraph at lines 1485--1499
[][][]\T1/zi4/m/n/10 rp.button[][][][]\T1/ptm/m/n/10 , [][][]\T1/zi4/m/n/10 rp.
checkbox[][][][]\T1/ptm/m/n/10 , [][][]\T1/zi4/m/n/10 rp.combo[][][][]\T1/ptm/m
/n/10 , [][][]\T1/zi4/m/n/10 rp.doublebutton[][][][]\T1/ptm/m/n/10 , [][][]\T1/
zi4/m/n/10 rp.grid[][][][]\T1/ptm/m/n/10 , [][][]\T1/zi4/m/n/10 rp.image[][][][
]\T1/ptm/m/n/10 , [][][]\T1/zi4/m/n/10 rp.listbox[][][][]\T1/ptm/m/n/10 , [][][
]\T1/zi4/m/n/10 rp.menu[][][][]\T1/ptm/m/n/10 ,
[29]
Overfull \hbox (12.85812pt too wide) in paragraph at lines 1538--1539
[]\T1/ptm/m/n/10 the pan-el-name of the rel-e-vant panel. This is usu-ally iden
-ti-fied as []\T1/zi4/m/n/10 panel$panelname[]\T1/ptm/m/n/10 . 
[30]
Overfull \hbox (2.05905pt too wide) in paragraph at lines 1587--1588
[]\T1/ptm/m/n/10 When []\T1/zi4/m/n/10 action = "set local directory"[]\T1/ptm/
m/n/10 , this should be a sin-gle char-ac-ter string
[31] [32] [33] [34] [35]
Overfull \hbox (43.29858pt too wide) in paragraph at lines 1839--1840
[]\T1/ptm/m/n/10 a named vec-tor of colours to be used in the con-struc-tion of
 the plot. See []\T1/zi4/m/n/10 help(rp.colours)
[36]
Overfull \hbox (11.41006pt too wide) in paragraph at lines 1874--1874
 []\T1/zi4/m/n/10 rp.firth(hscale = NA, col.palette = rev(heat.colors(40)), col
.se = "blue", file = NA, 

Overfull \hbox (1.38884pt too wide) in paragraph at lines 1896--1897
\T1/ptm/m/n/10 rec-tory, for ex-am-ple to a file named []\T1/zi4/m/n/10 firth.d
mp[]\T1/ptm/m/n/10 , is to set the []\T1/zi4/m/n/10 file []\T1/ptm/m/n/10 ar-gu
-ment to []\T1/zi4/m/n/10 file.path(getwd(),
[37] [38] [39] [40] [41]
Overfull \hbox (9.76044pt too wide) in paragraph at lines 2138--2138
 []\T1/zi4/m/n/10 rp.image(panel, filename, imagename, action=NA, mousedrag=NA,
 mouseup=NA, pos=NULL, 
[42] [43] [44]
Overfull \hbox (1.39984pt too wide) in paragraph at lines 2274--2274
 []\T1/zi4/m/n/10 rp.line(panel, imagename, x1, y1, x2, y2, color = "black", wi
dth = 2, id = \TS1/zi4/m/n/10 '\T1/zi4/m/n/10 rpline\TS1/zi4/m/n/10 '\T1/zi4/m/
n/10 ) 
[45] [46] [47]
Overfull \hbox (0.48805pt too wide) in paragraph at lines 2430--2431
\T1/ptm/m/n/10 When there are more than two ex-plana-tory vari-ables the model 
is passed on to the [][][]\T1/zi4/m/n/10 rp.coefficients[][][]

Overfull \hbox (11.5178pt too wide) in paragraph at lines 2452--2453
[]\T1/ptm/m/n/10 a char-ac-ter value which de-ter-mines whether the un-cer-tain
ty dis-play is in []\TS1/zi4/m/n/10 '\T1/zi4/m/n/10 density\TS1/zi4/m/n/10 '
[48] [49] [50] [51] [52] [53]
Overfull \hbox (21.41006pt too wide) in paragraph at lines 2709--2709
 []\T1/zi4/m/n/10 rp.mururoa(hscale = NA, col.palette = rev(heat.colors(40)), c
ol.se = "blue", file = NA, 

Overfull \hbox (19.16873pt too wide) in paragraph at lines 2731--2732
\T1/ptm/m/n/10 di-rec-tory, for ex-am-ple to a file named []\T1/zi4/m/n/10 muru
roa.dmp[]\T1/ptm/m/n/10 , is to set the []\T1/zi4/m/n/10 file []\T1/ptm/m/n/10 
ar-gu-ment to []\T1/zi4/m/n/10 file.path(getwd(),
[54] [55]
Overfull \hbox (23.02776pt too wide) in paragraph at lines 2847--2848
[]\T1/ptm/m/n/10 The role of this func-tion is to spec-ify a note-book. Nest-in
g of note-books is per-mit-ted. []\T1/zi4/m/n/10 rp.notebook.raise
[56] [57] [58] [59] [60] [61] [62] [63]
Overfull \hbox (1.17773pt too wide) in paragraph at lines 3213--3214
[]\T1/ptm/m/n/10 An in-te-ger which spec-i-fies how many columns the con-trol s
hould span. Columns
[64] [65]
Overfull \hbox (24.76044pt too wide) in paragraph at lines 3300--3300
 []  \T1/zi4/m/n/10 parentname=deparse(substitute(panel)), name=paste("radiogro
up", .nc(), sep=""), ...)[] 
[66] [67] [68]
Overfull \hbox (0.498pt too wide) in paragraph at lines 3426--3427
\T1/ptm/m/n/10 dis-play. The vec-tor refers to the co-ef-fi-cients as listed in
 the out-put of the []\T1/zi4/m/n/10 summary
[69]
Overfull \hbox (12.99763pt too wide) in paragraph at lines 3492--3493
\T1/ptm/m/n/10 able de-ter-mines the type of plot pro-duced. It can be set to "
all", "mean", "mean+bar"
[70] [71]
Overfull \hbox (2.14766pt too wide) in paragraph at lines 3563--3564
[]\T1/ptm/m/n/10 a log-i-cal vec-tor which con-trols op-tions for graph-i-cal d
is-play of the sam-ple means,
[72]
Overfull \hbox (11.01932pt too wide) in paragraph at lines 3581--3582
\T1/zi4/m/n/10 FALSE, mean = FALSE, \TS1/zi4/m/n/10 '\T1/zi4/m/n/10 st.dev. sca
le\TS1/zi4/m/n/10 ' \T1/zi4/m/n/10 = FALSE) []\T1/ptm/m/n/10 while the de-fault
 for []\T1/zi4/m/n/10 display.mean []\T1/ptm/m/n/10 is []\T1/zi4/m/n/10 c(\TS1/
zi4/m/n/10 '\T1/zi4/m/n/10 sample

Overfull \hbox (2.28088pt too wide) in paragraph at lines 3581--3582
\T1/zi4/m/n/10 mean\TS1/zi4/m/n/10 ' \T1/zi4/m/n/10 = FALSE, \TS1/zi4/m/n/10 '\
T1/zi4/m/n/10 accumulate\TS1/zi4/m/n/10 ' \T1/zi4/m/n/10 = FALSE, \TS1/zi4/m/n/
10 '\T1/zi4/m/n/10 se scale\TS1/zi4/m/n/10 ' \T1/zi4/m/n/10 = FALSE, \TS1/zi4/m
/n/10 '\T1/zi4/m/n/10 t-statistic\TS1/zi4/m/n/10 ' \T1/zi4/m/n/10 = FALSE, \TS1
/zi4/m/n/10 '\T1/zi4/m/n/10 zoom\TS1/zi4/m/n/10 '
[73]
Overfull \hbox (8.09036pt too wide) in paragraph at lines 3649--3649
 []\T1/zi4/m/n/10 rp.slider(panel, variable, from, to, action=I, labels=NULL, n
ames=NULL, title=NULL, 

Overfull \hbox (4.76044pt too wide) in paragraph at lines 3653--3653
 []  \T1/zi4/m/n/10 parentname=deparse(substitute(panel)), name=paste("slider",
 .nc(), sep=""), ...)[] 
[74]
Underfull \hbox (badness 10000) in paragraph at lines 3703--3710

[75] [76] [77] [78]
Overfull \hbox (8.88837pt too wide) in paragraph at lines 3870--3871
[]\T1/ptm/m/n/10 a char-ac-ter string which de-ter-mines whether the lower ([]\
T1/zi4/m/n/10 "lower"[]\T1/ptm/m/n/10 ), up-per ([]\T1/zi4/m/n/10 "upper"[]\T1/
ptm/m/n/10 )
[79] [80]
Overfull \hbox (33.08014pt too wide) in paragraph at lines 3986--3986
 []  \T1/zi4/m/n/10 parentname = deparse(substitute(panel)), name = paste("text
entry", .nc(), sep=""), ...)[] 
[81] [82] [83]
Overfull \hbox (9.71954pt too wide) in paragraph at lines 4138--4138
 []           \T1/zi4/m/n/10 vscale=1, pos=NULL, foreground=NULL, background=NU
LL, margins=c(0, 0, 0, 0),[] 
[84] [85]
Overfull \hbox (43.4081pt too wide) in paragraph at lines 4253--4254
[]\T1/ptm/m/n/10 a nu-meric value con-trol-ling where the stan-dard er-ror rule
r is lo-cated when []\T1/zi4/m/n/10 ruler.position
[86]
Overfull \hbox (12.85812pt too wide) in paragraph at lines 4313--4314
[]\T1/ptm/m/n/10 the pan-el-name of the rel-e-vant panel. This is usu-ally iden
-ti-fied as []\T1/zi4/m/n/10 panel$panelname[]\T1/ptm/m/n/10 .

Overfull \hbox (12.85812pt too wide) in paragraph at lines 4343--4344
[]\T1/ptm/m/n/10 the pan-el-name of the rel-e-vant panel. This is usu-ally iden
-ti-fied as []\T1/zi4/m/n/10 panel$panelname[]\T1/ptm/m/n/10 .
[87] [88] [89] [90]
Overfull \hbox (203.78905pt too wide) in paragraph at lines 4535--4542
[]\T1/ptm/m/n/10 These data are pro-vided by the World Bank through the databas
e at []\T1/zi4/m/n/10 http://data.worldbank.org/data-catalog/world-development-
indicators

Overfull \hbox (58.63878pt too wide) in paragraph at lines 4535--4542
[]\T1/ptm/m/n/10 The data are also used use in the Google Pub-lic Data Ex-plore
r []\T1/zi4/m/n/10 http://www.google.com/publicdata/directory
[91]
No file Rd2.ind.
[92]
(/private/var/folders/th/76hf527d5x3fbnpft9663cjw0000gn/T/Rtmp2xQmX4/Rd2pdf1563
594bb235/Rd2.aux)

Package rerunfilecheck Warning: File `Rd2.out' has changed.
(rerunfilecheck)                Rerun to get outlines right
(rerunfilecheck)                or use package `bookmark'.

 )
(see the transcript file for additional information){/usr/local/texlive/2022/te
xmf-dist/fonts/enc/dvips/base/8r.enc}{/usr/local/texlive/2022/texmf-dist/fonts/
enc/dvips/inconsolata/i4-ts1.enc}{/usr/local/texlive/2022/texmf-dist/fonts/enc/
dvips/inconsolata/i4-t1-0.enc}{/usr/local/texlive/2022/texmf-dist/fonts/enc/dvi
ps/cm-super/cm-super-ts1.enc}</usr/local/texlive/2022/texmf-dist/fonts/type1/pu
blic/inconsolata/Inconsolata-zi4r.pfb></usr/local/texlive/2022/texmf-dist/fonts
/type1/public/cm-super/sfrm1000.pfb></usr/local/texlive/2022/texmf-dist/fonts/t
ype1/urw/helvetic/uhvr8a.pfb></usr/local/texlive/2022/texmf-dist/fonts/type1/ur
w/times/utmb8a.pfb></usr/local/texlive/2022/texmf-dist/fonts/type1/urw/times/ut
mr8a.pfb></usr/local/texlive/2022/texmf-dist/fonts/type1/urw/times/utmr8a.pfb><
/usr/local/texlive/2022/texmf-dist/fonts/type1/urw/times/utmri8a.pfb>
Output written on Rd2.pdf (92 pages, 299178 bytes).
Transcript written on Rd2.log.
This is makeindex, version 2.16 [TeX Live 2022] (kpathsea + Thai support).
Scanning input file Rd2.idx....done (387 entries accepted, 0 rejected).
Sorting entries......done (3688 comparisons).
Generating output file Rd2.ind....done (393 lines written, 2 warnings).
Output written in Rd2.ind.
Transcript written in Rd2.ilg.
This is pdfTeX, Version 3.141592653-2.6-1.40.24 (TeX Live 2022) (preloaded format=pdflatex)
 restricted \write18 enabled.
entering extended mode
LaTeX2e <2021-11-15> patch level 1
L3 programming layer <2022-02-24> (./Rd2.tex
(/usr/local/texlive/2022/texmf-dist/tex/latex/base/book.cls
Document Class: book 2021/10/04 v1.4n Standard LaTeX document class
(/usr/local/texlive/2022/texmf-dist/tex/latex/base/bk10.clo))
(/Library/Frameworks/R.framework/Resources/share/texmf/tex/latex/Rd.sty
(/usr/local/texlive/2022/texmf-dist/tex/latex/base/ifthen.sty)
(/usr/local/texlive/2022/texmf-dist/tex/generic/iftex/iftex.sty)
(/usr/local/texlive/2022/texmf-dist/tex/latex/tools/longtable.sty)
(/usr/local/texlive/2022/texmf-dist/tex/latex/tools/bm.sty)
(/usr/local/texlive/2022/texmf-dist/tex/latex/base/alltt.sty)
(/usr/local/texlive/2022/texmf-dist/tex/latex/tools/verbatim.sty)
(/usr/local/texlive/2022/texmf-dist/tex/latex/url/url.sty)
(/usr/local/texlive/2022/texmf-dist/tex/latex/base/textcomp.sty)
(/usr/local/texlive/2022/texmf-dist/tex/latex/amsmath/amsmath.sty
For additional information on amsmath, use the `?' option.
(/usr/local/texlive/2022/texmf-dist/tex/latex/amsmath/amstext.sty
(/usr/local/texlive/2022/texmf-dist/tex/latex/amsmath/amsgen.sty))
(/usr/local/texlive/2022/texmf-dist/tex/latex/amsmath/amsbsy.sty)
(/usr/local/texlive/2022/texmf-dist/tex/latex/amsmath/amsopn.sty))
(/usr/local/texlive/2022/texmf-dist/tex/latex/amsfonts/amsfonts.sty)
(/usr/local/texlive/2022/texmf-dist/tex/latex/amsfonts/amssymb.sty)
(/usr/local/texlive/2022/texmf-dist/tex/latex/jknapltx/mathrsfs.sty)
(/usr/local/texlive/2022/texmf-dist/tex/latex/base/fontenc.sty)
(/usr/local/texlive/2022/texmf-dist/tex/latex/psnfss/times.sty)
(/usr/local/texlive/2022/texmf-dist/tex/latex/inconsolata/zi4.sty
`inconsolata-zi4' v1.12, 2019/05/17 Text macros for Inconsolata (msharpe)
(/usr/local/texlive/2022/texmf-dist/tex/latex/xkeyval/xkeyval.sty
(/usr/local/texlive/2022/texmf-dist/tex/generic/xkeyval/xkeyval.tex
(/usr/local/texlive/2022/texmf-dist/tex/generic/xkeyval/xkvutils.tex
(/usr/local/texlive/2022/texmf-dist/tex/generic/xkeyval/keyval.tex)))))
(/usr/local/texlive/2022/texmf-dist/tex/latex/graphics/color.sty
(/usr/local/texlive/2022/texmf-dist/tex/latex/graphics-cfg/color.cfg)
(/usr/local/texlive/2022/texmf-dist/tex/latex/graphics-def/pdftex.def))
(/usr/local/texlive/2022/texmf-dist/tex/latex/hyperref/hyperref.sty
(/usr/local/texlive/2022/texmf-dist/tex/generic/ltxcmds/ltxcmds.sty)
(/usr/local/texlive/2022/texmf-dist/tex/generic/pdftexcmds/pdftexcmds.sty
(/usr/local/texlive/2022/texmf-dist/tex/generic/infwarerr/infwarerr.sty))
(/usr/local/texlive/2022/texmf-dist/tex/generic/kvsetkeys/kvsetkeys.sty)
(/usr/local/texlive/2022/texmf-dist/tex/generic/kvdefinekeys/kvdefinekeys.sty)
(/usr/local/texlive/2022/texmf-dist/tex/generic/pdfescape/pdfescape.sty)
(/usr/local/texlive/2022/texmf-dist/tex/latex/hycolor/hycolor.sty)
(/usr/local/texlive/2022/texmf-dist/tex/latex/letltxmacro/letltxmacro.sty)
(/usr/local/texlive/2022/texmf-dist/tex/latex/auxhook/auxhook.sty)
(/usr/local/texlive/2022/texmf-dist/tex/latex/kvoptions/kvoptions.sty)
(/usr/local/texlive/2022/texmf-dist/tex/latex/hyperref/pd1enc.def)
(/usr/local/texlive/2022/texmf-dist/tex/generic/intcalc/intcalc.sty)
(/usr/local/texlive/2022/texmf-dist/tex/generic/etexcmds/etexcmds.sty)
(/usr/local/texlive/2022/texmf-dist/tex/latex/hyperref/puenc.def)
(/usr/local/texlive/2022/texmf-dist/tex/generic/bitset/bitset.sty
(/usr/local/texlive/2022/texmf-dist/tex/generic/bigintcalc/bigintcalc.sty))
(/usr/local/texlive/2022/texmf-dist/tex/latex/base/atbegshi-ltx.sty))
(/usr/local/texlive/2022/texmf-dist/tex/latex/hyperref/hpdftex.def
(/usr/local/texlive/2022/texmf-dist/tex/latex/base/atveryend-ltx.sty)
(/usr/local/texlive/2022/texmf-dist/tex/latex/rerunfilecheck/rerunfilecheck.sty

(/usr/local/texlive/2022/texmf-dist/tex/generic/uniquecounter/uniquecounter.sty
)))) (/usr/local/texlive/2022/texmf-dist/tex/latex/base/makeidx.sty)
Writing index file Rd2.idx
(/usr/local/texlive/2022/texmf-dist/tex/latex/psnfss/t1ptm.fd)
(/usr/local/texlive/2022/texmf-dist/tex/latex/l3backend/l3backend-pdftex.def)
(/private/var/folders/th/76hf527d5x3fbnpft9663cjw0000gn/T/Rtmp2xQmX4/Rd2pdf1563
594bb235/Rd2.aux)
(/usr/local/texlive/2022/texmf-dist/tex/context/base/mkii/supp-pdf.mkii
[Loading MPS to PDF converter (version 2006.09.02).]
) (/usr/local/texlive/2022/texmf-dist/tex/latex/hyperref/nameref.sty
(/usr/local/texlive/2022/texmf-dist/tex/latex/refcount/refcount.sty)
(/usr/local/texlive/2022/texmf-dist/tex/generic/gettitlestring/gettitlestring.s
ty))
(/private/var/folders/th/76hf527d5x3fbnpft9663cjw0000gn/T/Rtmp2xQmX4/Rd2pdf1563
594bb235/Rd2.out)
(/private/var/folders/th/76hf527d5x3fbnpft9663cjw0000gn/T/Rtmp2xQmX4/Rd2pdf1563
594bb235/Rd2.out)
(/usr/local/texlive/2022/texmf-dist/tex/latex/psnfss/ts1ptm.fd)
(/usr/local/texlive/2022/texmf-dist/tex/latex/inconsolata/t1zi4.fd)
(/usr/local/texlive/2022/texmf-dist/tex/latex/amsfonts/umsa.fd)
(/usr/local/texlive/2022/texmf-dist/tex/latex/amsfonts/umsb.fd)
(/usr/local/texlive/2022/texmf-dist/tex/latex/jknapltx/ursfs.fd)
(/private/var/folders/th/76hf527d5x3fbnpft9663cjw0000gn/T/Rtmp2xQmX4/Rd2pdf1563
594bb235/Rd2.toc [1{/usr/local/texlive/2022/texmf-var/fonts/map/pdftex/updmap/p
dftex.map}] [2])
Underfull \hbox (badness 10000) in paragraph at lines 57--115


Underfull \hbox (badness 10000) in paragraph at lines 57--115


Underfull \hbox (badness 10000) in paragraph at lines 57--115


Underfull \hbox (badness 10000) in paragraph at lines 57--115


Underfull \hbox (badness 10000) in paragraph at lines 57--115


Underfull \hbox (badness 10000) in paragraph at lines 57--115


Underfull \hbox (badness 10000) in paragraph at lines 57--115

[3]
Overfull \hbox (14.78088pt too wide) in paragraph at lines 130--131
[][][]\T1/zi4/m/n/10 rp.control[][][][]\T1/ptm/m/n/10 ,[][][]\T1/zi4/m/n/10 rp.
button[][][][]\T1/ptm/m/n/10 ,[][][]\T1/zi4/m/n/10 rp.slider[][][][]\T1/ptm/m/n
/10 ,[][][]\T1/zi4/m/n/10 rp.doublebutton[][][][]\T1/ptm/m/n/10 ,[][][]\T1/zi4/
m/n/10 rp.textentry[][][][]\T1/ptm/m/n/10 ,[][][]\T1/zi4/m/n/10 rp.checkbox[][]
[][]\T1/ptm/m/n/10 ,[][][]\T1/zi4/m/n/10 rp.radiogroup[][][] 
[4]
Overfull \hbox (2.75702pt too wide) in paragraph at lines 146--152
\T1/ptm/m/n/10 service-hours, be-tween fail-ures of the air-conditioning equip-
ment in a Boe-ing 720 air-craft. (Proschan
[5] [6] [7] [8]
Overfull \hbox (0.22615pt too wide) in paragraph at lines 365--366
[]\T1/ptm/m/n/10 Access to these data was kindly fa-cil-i-tated by the Manuscri
pt Di-vi-sion of the US Li-brary of Congress
[9]
Overfull \hbox (44.89676pt too wide) in paragraph at lines 371--372
[]\T1/ptm/m/n/10 Alexander Gra-ham Bell fam-ily pa-pers, 1834-1974. US Li-brary
 of Congress. https://lccn.loc.gov/mm76051268. 
[10] [11] [12] [13]
(/usr/local/texlive/2022/texmf-dist/tex/latex/inconsolata/ts1zi4.fd) [14]
Overfull \hbox (16.3794pt too wide) in paragraph at lines 670--670
 []\T1/zi4/m/n/10 rp.anova(y, x, z, model = NA, model0 = NA, ylab = NA, xlab = 
NA, zlab = NA, title = NULL, 
[15] (/usr/local/texlive/2022/texmf-dist/tex/latex/psnfss/t1phv.fd) [16]
[17] [18] [19] [20]
Overfull \hbox (8.13824pt too wide) in paragraph at lines 981--983
[]\T1/ptm/m/n/10 the ti-tle of the check-box group. This de-faults to the name 
of the vari-able []\T1/zi4/m/n/10 variable[]\T1/ptm/m/n/10 . 
[21] [22] [23] [24] [25] [26] [27] [28] [29] [30]
Overfull \hbox (13.92102pt too wide) in paragraph at lines 1485--1499
[][][]\T1/zi4/m/n/10 rp.button[][][][]\T1/ptm/m/n/10 , [][][]\T1/zi4/m/n/10 rp.
checkbox[][][][]\T1/ptm/m/n/10 , [][][]\T1/zi4/m/n/10 rp.combo[][][][]\T1/ptm/m
/n/10 , [][][]\T1/zi4/m/n/10 rp.doublebutton[][][][]\T1/ptm/m/n/10 , [][][]\T1/
zi4/m/n/10 rp.grid[][][][]\T1/ptm/m/n/10 , [][][]\T1/zi4/m/n/10 rp.image[][][][
]\T1/ptm/m/n/10 , [][][]\T1/zi4/m/n/10 rp.listbox[][][][]\T1/ptm/m/n/10 , [][][
]\T1/zi4/m/n/10 rp.menu[][][][]\T1/ptm/m/n/10 ,
[31]
Overfull \hbox (12.85812pt too wide) in paragraph at lines 1538--1539
[]\T1/ptm/m/n/10 the pan-el-name of the rel-e-vant panel. This is usu-ally iden
-ti-fied as []\T1/zi4/m/n/10 panel$panelname[]\T1/ptm/m/n/10 . 
[32]
Overfull \hbox (2.05905pt too wide) in paragraph at lines 1587--1588
[]\T1/ptm/m/n/10 When []\T1/zi4/m/n/10 action = "set local directory"[]\T1/ptm/
m/n/10 , this should be a sin-gle char-ac-ter string
[33] [34] [35] [36] [37]
Overfull \hbox (43.29858pt too wide) in paragraph at lines 1839--1840
[]\T1/ptm/m/n/10 a named vec-tor of colours to be used in the con-struc-tion of
 the plot. See []\T1/zi4/m/n/10 help(rp.colours)
[38]
Overfull \hbox (11.41006pt too wide) in paragraph at lines 1874--1874
 []\T1/zi4/m/n/10 rp.firth(hscale = NA, col.palette = rev(heat.colors(40)), col
.se = "blue", file = NA, 

Overfull \hbox (1.38884pt too wide) in paragraph at lines 1896--1897
\T1/ptm/m/n/10 rec-tory, for ex-am-ple to a file named []\T1/zi4/m/n/10 firth.d
mp[]\T1/ptm/m/n/10 , is to set the []\T1/zi4/m/n/10 file []\T1/ptm/m/n/10 ar-gu
-ment to []\T1/zi4/m/n/10 file.path(getwd(),
[39] [40] [41] [42] [43]
Overfull \hbox (9.76044pt too wide) in paragraph at lines 2138--2138
 []\T1/zi4/m/n/10 rp.image(panel, filename, imagename, action=NA, mousedrag=NA,
 mouseup=NA, pos=NULL, 
[44] [45] [46]
Overfull \hbox (1.39984pt too wide) in paragraph at lines 2274--2274
 []\T1/zi4/m/n/10 rp.line(panel, imagename, x1, y1, x2, y2, color = "black", wi
dth = 2, id = \TS1/zi4/m/n/10 '\T1/zi4/m/n/10 rpline\TS1/zi4/m/n/10 '\T1/zi4/m/
n/10 ) 
[47] [48] [49]
Overfull \hbox (0.48805pt too wide) in paragraph at lines 2430--2431
\T1/ptm/m/n/10 When there are more than two ex-plana-tory vari-ables the model 
is passed on to the [][][]\T1/zi4/m/n/10 rp.coefficients[][][]

Overfull \hbox (11.5178pt too wide) in paragraph at lines 2452--2453
[]\T1/ptm/m/n/10 a char-ac-ter value which de-ter-mines whether the un-cer-tain
ty dis-play is in []\TS1/zi4/m/n/10 '\T1/zi4/m/n/10 density\TS1/zi4/m/n/10 '
[50] [51] [52] [53] [54] [55]
Overfull \hbox (21.41006pt too wide) in paragraph at lines 2709--2709
 []\T1/zi4/m/n/10 rp.mururoa(hscale = NA, col.palette = rev(heat.colors(40)), c
ol.se = "blue", file = NA, 

Overfull \hbox (19.16873pt too wide) in paragraph at lines 2731--2732
\T1/ptm/m/n/10 di-rec-tory, for ex-am-ple to a file named []\T1/zi4/m/n/10 muru
roa.dmp[]\T1/ptm/m/n/10 , is to set the []\T1/zi4/m/n/10 file []\T1/ptm/m/n/10 
ar-gu-ment to []\T1/zi4/m/n/10 file.path(getwd(),
[56] [57]
Overfull \hbox (23.02776pt too wide) in paragraph at lines 2847--2848
[]\T1/ptm/m/n/10 The role of this func-tion is to spec-ify a note-book. Nest-in
g of note-books is per-mit-ted. []\T1/zi4/m/n/10 rp.notebook.raise
[58] [59] [60] [61] [62] [63] [64] [65]
Overfull \hbox (1.17773pt too wide) in paragraph at lines 3213--3214
[]\T1/ptm/m/n/10 An in-te-ger which spec-i-fies how many columns the con-trol s
hould span. Columns
[66] [67]
Overfull \hbox (24.76044pt too wide) in paragraph at lines 3300--3300
 []  \T1/zi4/m/n/10 parentname=deparse(substitute(panel)), name=paste("radiogro
up", .nc(), sep=""), ...)[] 
[68] [69] [70]
Overfull \hbox (0.498pt too wide) in paragraph at lines 3426--3427
\T1/ptm/m/n/10 dis-play. The vec-tor refers to the co-ef-fi-cients as listed in
 the out-put of the []\T1/zi4/m/n/10 summary
[71]
Overfull \hbox (12.99763pt too wide) in paragraph at lines 3492--3493
\T1/ptm/m/n/10 able de-ter-mines the type of plot pro-duced. It can be set to "
all", "mean", "mean+bar"
[72] [73]
Overfull \hbox (2.14766pt too wide) in paragraph at lines 3563--3564
[]\T1/ptm/m/n/10 a log-i-cal vec-tor which con-trols op-tions for graph-i-cal d
is-play of the sam-ple means,
[74]
Overfull \hbox (11.01932pt too wide) in paragraph at lines 3581--3582
\T1/zi4/m/n/10 FALSE, mean = FALSE, \TS1/zi4/m/n/10 '\T1/zi4/m/n/10 st.dev. sca
le\TS1/zi4/m/n/10 ' \T1/zi4/m/n/10 = FALSE) []\T1/ptm/m/n/10 while the de-fault
 for []\T1/zi4/m/n/10 display.mean []\T1/ptm/m/n/10 is []\T1/zi4/m/n/10 c(\TS1/
zi4/m/n/10 '\T1/zi4/m/n/10 sample

Overfull \hbox (2.28088pt too wide) in paragraph at lines 3581--3582
\T1/zi4/m/n/10 mean\TS1/zi4/m/n/10 ' \T1/zi4/m/n/10 = FALSE, \TS1/zi4/m/n/10 '\
T1/zi4/m/n/10 accumulate\TS1/zi4/m/n/10 ' \T1/zi4/m/n/10 = FALSE, \TS1/zi4/m/n/
10 '\T1/zi4/m/n/10 se scale\TS1/zi4/m/n/10 ' \T1/zi4/m/n/10 = FALSE, \TS1/zi4/m
/n/10 '\T1/zi4/m/n/10 t-statistic\TS1/zi4/m/n/10 ' \T1/zi4/m/n/10 = FALSE, \TS1
/zi4/m/n/10 '\T1/zi4/m/n/10 zoom\TS1/zi4/m/n/10 '
[75]
Overfull \hbox (8.09036pt too wide) in paragraph at lines 3649--3649
 []\T1/zi4/m/n/10 rp.slider(panel, variable, from, to, action=I, labels=NULL, n
ames=NULL, title=NULL, 

Overfull \hbox (4.76044pt too wide) in paragraph at lines 3653--3653
 []  \T1/zi4/m/n/10 parentname=deparse(substitute(panel)), name=paste("slider",
 .nc(), sep=""), ...)[] 
[76]
Underfull \hbox (badness 10000) in paragraph at lines 3703--3710

[77] [78] [79] [80]
Overfull \hbox (8.88837pt too wide) in paragraph at lines 3870--3871
[]\T1/ptm/m/n/10 a char-ac-ter string which de-ter-mines whether the lower ([]\
T1/zi4/m/n/10 "lower"[]\T1/ptm/m/n/10 ), up-per ([]\T1/zi4/m/n/10 "upper"[]\T1/
ptm/m/n/10 )
[81] [82]
Overfull \hbox (33.08014pt too wide) in paragraph at lines 3986--3986
 []  \T1/zi4/m/n/10 parentname = deparse(substitute(panel)), name = paste("text
entry", .nc(), sep=""), ...)[] 
[83] [84] [85]
Overfull \hbox (9.71954pt too wide) in paragraph at lines 4138--4138
 []           \T1/zi4/m/n/10 vscale=1, pos=NULL, foreground=NULL, background=NU
LL, margins=c(0, 0, 0, 0),[] 
[86] [87]
Overfull \hbox (43.4081pt too wide) in paragraph at lines 4253--4254
[]\T1/ptm/m/n/10 a nu-meric value con-trol-ling where the stan-dard er-ror rule
r is lo-cated when []\T1/zi4/m/n/10 ruler.position
[88]
Overfull \hbox (12.85812pt too wide) in paragraph at lines 4313--4314
[]\T1/ptm/m/n/10 the pan-el-name of the rel-e-vant panel. This is usu-ally iden
-ti-fied as []\T1/zi4/m/n/10 panel$panelname[]\T1/ptm/m/n/10 .

Overfull \hbox (12.85812pt too wide) in paragraph at lines 4343--4344
[]\T1/ptm/m/n/10 the pan-el-name of the rel-e-vant panel. This is usu-ally iden
-ti-fied as []\T1/zi4/m/n/10 panel$panelname[]\T1/ptm/m/n/10 .
[89] [90] [91] [92]
Overfull \hbox (203.78905pt too wide) in paragraph at lines 4535--4542
[]\T1/ptm/m/n/10 These data are pro-vided by the World Bank through the databas
e at []\T1/zi4/m/n/10 http://data.worldbank.org/data-catalog/world-development-
indicators

Overfull \hbox (58.63878pt too wide) in paragraph at lines 4535--4542
[]\T1/ptm/m/n/10 The data are also used use in the Google Pub-lic Data Ex-plore
r []\T1/zi4/m/n/10 http://www.google.com/publicdata/directory
[93]
(/private/var/folders/th/76hf527d5x3fbnpft9663cjw0000gn/T/Rtmp2xQmX4/Rd2pdf1563
594bb235/Rd2.ind [94] [95]

LaTeX Font Warning: Font shape `T1/zi4/m/it' undefined
(Font)              using `T1/zi4/m/n' instead on input line 163.

[96] [97])
(/private/var/folders/th/76hf527d5x3fbnpft9663cjw0000gn/T/Rtmp2xQmX4/Rd2pdf1563
594bb235/Rd2.aux)

LaTeX Font Warning: Some font shapes were not available, defaults substituted.


Package rerunfilecheck Warning: File `Rd2.out' has changed.
(rerunfilecheck)                Rerun to get outlines right
(rerunfilecheck)                or use package `bookmark'.

 )
(see the transcript file for additional information){/usr/local/texlive/2022/te
xmf-dist/fonts/enc/dvips/base/8r.enc}{/usr/local/texlive/2022/texmf-dist/fonts/
enc/dvips/inconsolata/i4-ts1.enc}{/usr/local/texlive/2022/texmf-dist/fonts/enc/
dvips/inconsolata/i4-t1-0.enc}{/usr/local/texlive/2022/texmf-dist/fonts/enc/dvi
ps/cm-super/cm-super-ts1.enc}</usr/local/texlive/2022/texmf-dist/fonts/type1/pu
blic/inconsolata/Inconsolata-zi4r.pfb></usr/local/texlive/2022/texmf-dist/fonts
/type1/public/amsfonts/cm/cmsy10.pfb></usr/local/texlive/2022/texmf-dist/fonts/
type1/public/cm-super/sfrm1000.pfb></usr/local/texlive/2022/texmf-dist/fonts/ty
pe1/urw/helvetic/uhvr8a.pfb></usr/local/texlive/2022/texmf-dist/fonts/type1/urw
/times/utmb8a.pfb></usr/local/texlive/2022/texmf-dist/fonts/type1/urw/times/utm
r8a.pfb></usr/local/texlive/2022/texmf-dist/fonts/type1/urw/times/utmr8a.pfb></
usr/local/texlive/2022/texmf-dist/fonts/type1/urw/times/utmri8a.pfb>
Output written on Rd2.pdf (97 pages, 334318 bytes).
Transcript written on Rd2.log.
This is makeindex, version 2.16 [TeX Live 2022] (kpathsea + Thai support).
Scanning input file Rd2.idx....done (387 entries accepted, 0 rejected).
Sorting entries......done (3688 comparisons).
Generating output file Rd2.ind....done (393 lines written, 2 warnings).
Output written in Rd2.ind.
Transcript written in Rd2.ilg.
This is pdfTeX, Version 3.141592653-2.6-1.40.24 (TeX Live 2022) (preloaded format=pdflatex)
 restricted \write18 enabled.
entering extended mode
LaTeX2e <2021-11-15> patch level 1
L3 programming layer <2022-02-24> (./Rd2.tex
(/usr/local/texlive/2022/texmf-dist/tex/latex/base/book.cls
Document Class: book 2021/10/04 v1.4n Standard LaTeX document class
(/usr/local/texlive/2022/texmf-dist/tex/latex/base/bk10.clo))
(/Library/Frameworks/R.framework/Resources/share/texmf/tex/latex/Rd.sty
(/usr/local/texlive/2022/texmf-dist/tex/latex/base/ifthen.sty)
(/usr/local/texlive/2022/texmf-dist/tex/generic/iftex/iftex.sty)
(/usr/local/texlive/2022/texmf-dist/tex/latex/tools/longtable.sty)
(/usr/local/texlive/2022/texmf-dist/tex/latex/tools/bm.sty)
(/usr/local/texlive/2022/texmf-dist/tex/latex/base/alltt.sty)
(/usr/local/texlive/2022/texmf-dist/tex/latex/tools/verbatim.sty)
(/usr/local/texlive/2022/texmf-dist/tex/latex/url/url.sty)
(/usr/local/texlive/2022/texmf-dist/tex/latex/base/textcomp.sty)
(/usr/local/texlive/2022/texmf-dist/tex/latex/amsmath/amsmath.sty
For additional information on amsmath, use the `?' option.
(/usr/local/texlive/2022/texmf-dist/tex/latex/amsmath/amstext.sty
(/usr/local/texlive/2022/texmf-dist/tex/latex/amsmath/amsgen.sty))
(/usr/local/texlive/2022/texmf-dist/tex/latex/amsmath/amsbsy.sty)
(/usr/local/texlive/2022/texmf-dist/tex/latex/amsmath/amsopn.sty))
(/usr/local/texlive/2022/texmf-dist/tex/latex/amsfonts/amsfonts.sty)
(/usr/local/texlive/2022/texmf-dist/tex/latex/amsfonts/amssymb.sty)
(/usr/local/texlive/2022/texmf-dist/tex/latex/jknapltx/mathrsfs.sty)
(/usr/local/texlive/2022/texmf-dist/tex/latex/base/fontenc.sty)
(/usr/local/texlive/2022/texmf-dist/tex/latex/psnfss/times.sty)
(/usr/local/texlive/2022/texmf-dist/tex/latex/inconsolata/zi4.sty
`inconsolata-zi4' v1.12, 2019/05/17 Text macros for Inconsolata (msharpe)
(/usr/local/texlive/2022/texmf-dist/tex/latex/xkeyval/xkeyval.sty
(/usr/local/texlive/2022/texmf-dist/tex/generic/xkeyval/xkeyval.tex
(/usr/local/texlive/2022/texmf-dist/tex/generic/xkeyval/xkvutils.tex
(/usr/local/texlive/2022/texmf-dist/tex/generic/xkeyval/keyval.tex)))))
(/usr/local/texlive/2022/texmf-dist/tex/latex/graphics/color.sty
(/usr/local/texlive/2022/texmf-dist/tex/latex/graphics-cfg/color.cfg)
(/usr/local/texlive/2022/texmf-dist/tex/latex/graphics-def/pdftex.def))
(/usr/local/texlive/2022/texmf-dist/tex/latex/hyperref/hyperref.sty
(/usr/local/texlive/2022/texmf-dist/tex/generic/ltxcmds/ltxcmds.sty)
(/usr/local/texlive/2022/texmf-dist/tex/generic/pdftexcmds/pdftexcmds.sty
(/usr/local/texlive/2022/texmf-dist/tex/generic/infwarerr/infwarerr.sty))
(/usr/local/texlive/2022/texmf-dist/tex/generic/kvsetkeys/kvsetkeys.sty)
(/usr/local/texlive/2022/texmf-dist/tex/generic/kvdefinekeys/kvdefinekeys.sty)
(/usr/local/texlive/2022/texmf-dist/tex/generic/pdfescape/pdfescape.sty)
(/usr/local/texlive/2022/texmf-dist/tex/latex/hycolor/hycolor.sty)
(/usr/local/texlive/2022/texmf-dist/tex/latex/letltxmacro/letltxmacro.sty)
(/usr/local/texlive/2022/texmf-dist/tex/latex/auxhook/auxhook.sty)
(/usr/local/texlive/2022/texmf-dist/tex/latex/kvoptions/kvoptions.sty)
(/usr/local/texlive/2022/texmf-dist/tex/latex/hyperref/pd1enc.def)
(/usr/local/texlive/2022/texmf-dist/tex/generic/intcalc/intcalc.sty)
(/usr/local/texlive/2022/texmf-dist/tex/generic/etexcmds/etexcmds.sty)
(/usr/local/texlive/2022/texmf-dist/tex/latex/hyperref/puenc.def)
(/usr/local/texlive/2022/texmf-dist/tex/generic/bitset/bitset.sty
(/usr/local/texlive/2022/texmf-dist/tex/generic/bigintcalc/bigintcalc.sty))
(/usr/local/texlive/2022/texmf-dist/tex/latex/base/atbegshi-ltx.sty))
(/usr/local/texlive/2022/texmf-dist/tex/latex/hyperref/hpdftex.def
(/usr/local/texlive/2022/texmf-dist/tex/latex/base/atveryend-ltx.sty)
(/usr/local/texlive/2022/texmf-dist/tex/latex/rerunfilecheck/rerunfilecheck.sty

(/usr/local/texlive/2022/texmf-dist/tex/generic/uniquecounter/uniquecounter.sty
)))) (/usr/local/texlive/2022/texmf-dist/tex/latex/base/makeidx.sty)
Writing index file Rd2.idx
(/usr/local/texlive/2022/texmf-dist/tex/latex/psnfss/t1ptm.fd)
(/usr/local/texlive/2022/texmf-dist/tex/latex/l3backend/l3backend-pdftex.def)
(/private/var/folders/th/76hf527d5x3fbnpft9663cjw0000gn/T/Rtmp2xQmX4/Rd2pdf1563
594bb235/Rd2.aux)
(/usr/local/texlive/2022/texmf-dist/tex/context/base/mkii/supp-pdf.mkii
[Loading MPS to PDF converter (version 2006.09.02).]
) (/usr/local/texlive/2022/texmf-dist/tex/latex/hyperref/nameref.sty
(/usr/local/texlive/2022/texmf-dist/tex/latex/refcount/refcount.sty)
(/usr/local/texlive/2022/texmf-dist/tex/generic/gettitlestring/gettitlestring.s
ty))
(/private/var/folders/th/76hf527d5x3fbnpft9663cjw0000gn/T/Rtmp2xQmX4/Rd2pdf1563
594bb235/Rd2.out)
(/private/var/folders/th/76hf527d5x3fbnpft9663cjw0000gn/T/Rtmp2xQmX4/Rd2pdf1563
594bb235/Rd2.out)
(/usr/local/texlive/2022/texmf-dist/tex/latex/psnfss/ts1ptm.fd)
(/usr/local/texlive/2022/texmf-dist/tex/latex/inconsolata/t1zi4.fd)
(/usr/local/texlive/2022/texmf-dist/tex/latex/amsfonts/umsa.fd)
(/usr/local/texlive/2022/texmf-dist/tex/latex/amsfonts/umsb.fd)
(/usr/local/texlive/2022/texmf-dist/tex/latex/jknapltx/ursfs.fd)
(/private/var/folders/th/76hf527d5x3fbnpft9663cjw0000gn/T/Rtmp2xQmX4/Rd2pdf1563
594bb235/Rd2.toc [1{/usr/local/texlive/2022/texmf-var/fonts/map/pdftex/updmap/p
dftex.map}] [2])
Underfull \hbox (badness 10000) in paragraph at lines 57--115


Underfull \hbox (badness 10000) in paragraph at lines 57--115


Underfull \hbox (badness 10000) in paragraph at lines 57--115


Underfull \hbox (badness 10000) in paragraph at lines 57--115


Underfull \hbox (badness 10000) in paragraph at lines 57--115


Underfull \hbox (badness 10000) in paragraph at lines 57--115


Underfull \hbox (badness 10000) in paragraph at lines 57--115

[3]
Overfull \hbox (14.78088pt too wide) in paragraph at lines 130--131
[][][]\T1/zi4/m/n/10 rp.control[][][][]\T1/ptm/m/n/10 ,[][][]\T1/zi4/m/n/10 rp.
button[][][][]\T1/ptm/m/n/10 ,[][][]\T1/zi4/m/n/10 rp.slider[][][][]\T1/ptm/m/n
/10 ,[][][]\T1/zi4/m/n/10 rp.doublebutton[][][][]\T1/ptm/m/n/10 ,[][][]\T1/zi4/
m/n/10 rp.textentry[][][][]\T1/ptm/m/n/10 ,[][][]\T1/zi4/m/n/10 rp.checkbox[][]
[][]\T1/ptm/m/n/10 ,[][][]\T1/zi4/m/n/10 rp.radiogroup[][][] 
[4]
Overfull \hbox (2.75702pt too wide) in paragraph at lines 146--152
\T1/ptm/m/n/10 service-hours, be-tween fail-ures of the air-conditioning equip-
ment in a Boe-ing 720 air-craft. (Proschan
[5] [6] [7] [8]
Overfull \hbox (0.22615pt too wide) in paragraph at lines 365--366
[]\T1/ptm/m/n/10 Access to these data was kindly fa-cil-i-tated by the Manuscri
pt Di-vi-sion of the US Li-brary of Congress
[9]
Overfull \hbox (44.89676pt too wide) in paragraph at lines 371--372
[]\T1/ptm/m/n/10 Alexander Gra-ham Bell fam-ily pa-pers, 1834-1974. US Li-brary
 of Congress. https://lccn.loc.gov/mm76051268. 
[10] [11] [12] [13]
(/usr/local/texlive/2022/texmf-dist/tex/latex/inconsolata/ts1zi4.fd) [14]
Overfull \hbox (16.3794pt too wide) in paragraph at lines 670--670
 []\T1/zi4/m/n/10 rp.anova(y, x, z, model = NA, model0 = NA, ylab = NA, xlab = 
NA, zlab = NA, title = NULL, 
[15] (/usr/local/texlive/2022/texmf-dist/tex/latex/psnfss/t1phv.fd) [16]
[17] [18] [19] [20]
Overfull \hbox (8.13824pt too wide) in paragraph at lines 981--983
[]\T1/ptm/m/n/10 the ti-tle of the check-box group. This de-faults to the name 
of the vari-able []\T1/zi4/m/n/10 variable[]\T1/ptm/m/n/10 . 
[21] [22] [23] [24] [25] [26] [27] [28] [29] [30]
Overfull \hbox (13.92102pt too wide) in paragraph at lines 1485--1499
[][][]\T1/zi4/m/n/10 rp.button[][][][]\T1/ptm/m/n/10 , [][][]\T1/zi4/m/n/10 rp.
checkbox[][][][]\T1/ptm/m/n/10 , [][][]\T1/zi4/m/n/10 rp.combo[][][][]\T1/ptm/m
/n/10 , [][][]\T1/zi4/m/n/10 rp.doublebutton[][][][]\T1/ptm/m/n/10 , [][][]\T1/
zi4/m/n/10 rp.grid[][][][]\T1/ptm/m/n/10 , [][][]\T1/zi4/m/n/10 rp.image[][][][
]\T1/ptm/m/n/10 , [][][]\T1/zi4/m/n/10 rp.listbox[][][][]\T1/ptm/m/n/10 , [][][
]\T1/zi4/m/n/10 rp.menu[][][][]\T1/ptm/m/n/10 ,
[31]
Overfull \hbox (12.85812pt too wide) in paragraph at lines 1538--1539
[]\T1/ptm/m/n/10 the pan-el-name of the rel-e-vant panel. This is usu-ally iden
-ti-fied as []\T1/zi4/m/n/10 panel$panelname[]\T1/ptm/m/n/10 . 
[32]
Overfull \hbox (2.05905pt too wide) in paragraph at lines 1587--1588
[]\T1/ptm/m/n/10 When []\T1/zi4/m/n/10 action = "set local directory"[]\T1/ptm/
m/n/10 , this should be a sin-gle char-ac-ter string
[33] [34] [35] [36] [37]
Overfull \hbox (43.29858pt too wide) in paragraph at lines 1839--1840
[]\T1/ptm/m/n/10 a named vec-tor of colours to be used in the con-struc-tion of
 the plot. See []\T1/zi4/m/n/10 help(rp.colours)
[38]
Overfull \hbox (11.41006pt too wide) in paragraph at lines 1874--1874
 []\T1/zi4/m/n/10 rp.firth(hscale = NA, col.palette = rev(heat.colors(40)), col
.se = "blue", file = NA, 

Overfull \hbox (1.38884pt too wide) in paragraph at lines 1896--1897
\T1/ptm/m/n/10 rec-tory, for ex-am-ple to a file named []\T1/zi4/m/n/10 firth.d
mp[]\T1/ptm/m/n/10 , is to set the []\T1/zi4/m/n/10 file []\T1/ptm/m/n/10 ar-gu
-ment to []\T1/zi4/m/n/10 file.path(getwd(),
[39] [40] [41] [42] [43]
Overfull \hbox (9.76044pt too wide) in paragraph at lines 2138--2138
 []\T1/zi4/m/n/10 rp.image(panel, filename, imagename, action=NA, mousedrag=NA,
 mouseup=NA, pos=NULL, 
[44] [45] [46]
Overfull \hbox (1.39984pt too wide) in paragraph at lines 2274--2274
 []\T1/zi4/m/n/10 rp.line(panel, imagename, x1, y1, x2, y2, color = "black", wi
dth = 2, id = \TS1/zi4/m/n/10 '\T1/zi4/m/n/10 rpline\TS1/zi4/m/n/10 '\T1/zi4/m/
n/10 ) 
[47] [48] [49]
Overfull \hbox (0.48805pt too wide) in paragraph at lines 2430--2431
\T1/ptm/m/n/10 When there are more than two ex-plana-tory vari-ables the model 
is passed on to the [][][]\T1/zi4/m/n/10 rp.coefficients[][][]

Overfull \hbox (11.5178pt too wide) in paragraph at lines 2452--2453
[]\T1/ptm/m/n/10 a char-ac-ter value which de-ter-mines whether the un-cer-tain
ty dis-play is in []\TS1/zi4/m/n/10 '\T1/zi4/m/n/10 density\TS1/zi4/m/n/10 '
[50] [51] [52] [53] [54] [55]
Overfull \hbox (21.41006pt too wide) in paragraph at lines 2709--2709
 []\T1/zi4/m/n/10 rp.mururoa(hscale = NA, col.palette = rev(heat.colors(40)), c
ol.se = "blue", file = NA, 

Overfull \hbox (19.16873pt too wide) in paragraph at lines 2731--2732
\T1/ptm/m/n/10 di-rec-tory, for ex-am-ple to a file named []\T1/zi4/m/n/10 muru
roa.dmp[]\T1/ptm/m/n/10 , is to set the []\T1/zi4/m/n/10 file []\T1/ptm/m/n/10 
ar-gu-ment to []\T1/zi4/m/n/10 file.path(getwd(),
[56] [57]
Overfull \hbox (23.02776pt too wide) in paragraph at lines 2847--2848
[]\T1/ptm/m/n/10 The role of this func-tion is to spec-ify a note-book. Nest-in
g of note-books is per-mit-ted. []\T1/zi4/m/n/10 rp.notebook.raise
[58] [59] [60] [61] [62] [63] [64] [65]
Overfull \hbox (1.17773pt too wide) in paragraph at lines 3213--3214
[]\T1/ptm/m/n/10 An in-te-ger which spec-i-fies how many columns the con-trol s
hould span. Columns
[66] [67]
Overfull \hbox (24.76044pt too wide) in paragraph at lines 3300--3300
 []  \T1/zi4/m/n/10 parentname=deparse(substitute(panel)), name=paste("radiogro
up", .nc(), sep=""), ...)[] 
[68] [69] [70]
Overfull \hbox (0.498pt too wide) in paragraph at lines 3426--3427
\T1/ptm/m/n/10 dis-play. The vec-tor refers to the co-ef-fi-cients as listed in
 the out-put of the []\T1/zi4/m/n/10 summary
[71]
Overfull \hbox (12.99763pt too wide) in paragraph at lines 3492--3493
\T1/ptm/m/n/10 able de-ter-mines the type of plot pro-duced. It can be set to "
all", "mean", "mean+bar"
[72] [73]
Overfull \hbox (2.14766pt too wide) in paragraph at lines 3563--3564
[]\T1/ptm/m/n/10 a log-i-cal vec-tor which con-trols op-tions for graph-i-cal d
is-play of the sam-ple means,
[74]
Overfull \hbox (11.01932pt too wide) in paragraph at lines 3581--3582
\T1/zi4/m/n/10 FALSE, mean = FALSE, \TS1/zi4/m/n/10 '\T1/zi4/m/n/10 st.dev. sca
le\TS1/zi4/m/n/10 ' \T1/zi4/m/n/10 = FALSE) []\T1/ptm/m/n/10 while the de-fault
 for []\T1/zi4/m/n/10 display.mean []\T1/ptm/m/n/10 is []\T1/zi4/m/n/10 c(\TS1/
zi4/m/n/10 '\T1/zi4/m/n/10 sample

Overfull \hbox (2.28088pt too wide) in paragraph at lines 3581--3582
\T1/zi4/m/n/10 mean\TS1/zi4/m/n/10 ' \T1/zi4/m/n/10 = FALSE, \TS1/zi4/m/n/10 '\
T1/zi4/m/n/10 accumulate\TS1/zi4/m/n/10 ' \T1/zi4/m/n/10 = FALSE, \TS1/zi4/m/n/
10 '\T1/zi4/m/n/10 se scale\TS1/zi4/m/n/10 ' \T1/zi4/m/n/10 = FALSE, \TS1/zi4/m
/n/10 '\T1/zi4/m/n/10 t-statistic\TS1/zi4/m/n/10 ' \T1/zi4/m/n/10 = FALSE, \TS1
/zi4/m/n/10 '\T1/zi4/m/n/10 zoom\TS1/zi4/m/n/10 '
[75]
Overfull \hbox (8.09036pt too wide) in paragraph at lines 3649--3649
 []\T1/zi4/m/n/10 rp.slider(panel, variable, from, to, action=I, labels=NULL, n
ames=NULL, title=NULL, 

Overfull \hbox (4.76044pt too wide) in paragraph at lines 3653--3653
 []  \T1/zi4/m/n/10 parentname=deparse(substitute(panel)), name=paste("slider",
 .nc(), sep=""), ...)[] 
[76]
Underfull \hbox (badness 10000) in paragraph at lines 3703--3710

[77] [78] [79] [80]
Overfull \hbox (8.88837pt too wide) in paragraph at lines 3870--3871
[]\T1/ptm/m/n/10 a char-ac-ter string which de-ter-mines whether the lower ([]\
T1/zi4/m/n/10 "lower"[]\T1/ptm/m/n/10 ), up-per ([]\T1/zi4/m/n/10 "upper"[]\T1/
ptm/m/n/10 )
[81] [82]
Overfull \hbox (33.08014pt too wide) in paragraph at lines 3986--3986
 []  \T1/zi4/m/n/10 parentname = deparse(substitute(panel)), name = paste("text
entry", .nc(), sep=""), ...)[] 
[83] [84] [85]
Overfull \hbox (9.71954pt too wide) in paragraph at lines 4138--4138
 []           \T1/zi4/m/n/10 vscale=1, pos=NULL, foreground=NULL, background=NU
LL, margins=c(0, 0, 0, 0),[] 
[86] [87]
Overfull \hbox (43.4081pt too wide) in paragraph at lines 4253--4254
[]\T1/ptm/m/n/10 a nu-meric value con-trol-ling where the stan-dard er-ror rule
r is lo-cated when []\T1/zi4/m/n/10 ruler.position
[88]
Overfull \hbox (12.85812pt too wide) in paragraph at lines 4313--4314
[]\T1/ptm/m/n/10 the pan-el-name of the rel-e-vant panel. This is usu-ally iden
-ti-fied as []\T1/zi4/m/n/10 panel$panelname[]\T1/ptm/m/n/10 .

Overfull \hbox (12.85812pt too wide) in paragraph at lines 4343--4344
[]\T1/ptm/m/n/10 the pan-el-name of the rel-e-vant panel. This is usu-ally iden
-ti-fied as []\T1/zi4/m/n/10 panel$panelname[]\T1/ptm/m/n/10 .
[89] [90] [91] [92]
Overfull \hbox (203.78905pt too wide) in paragraph at lines 4535--4542
[]\T1/ptm/m/n/10 These data are pro-vided by the World Bank through the databas
e at []\T1/zi4/m/n/10 http://data.worldbank.org/data-catalog/world-development-
indicators

Overfull \hbox (58.63878pt too wide) in paragraph at lines 4535--4542
[]\T1/ptm/m/n/10 The data are also used use in the Google Pub-lic Data Ex-plore
r []\T1/zi4/m/n/10 http://www.google.com/publicdata/directory
[93]
(/private/var/folders/th/76hf527d5x3fbnpft9663cjw0000gn/T/Rtmp2xQmX4/Rd2pdf1563
594bb235/Rd2.ind [94] [95]

LaTeX Font Warning: Font shape `T1/zi4/m/it' undefined
(Font)              using `T1/zi4/m/n' instead on input line 163.

[96] [97])
(/private/var/folders/th/76hf527d5x3fbnpft9663cjw0000gn/T/Rtmp2xQmX4/Rd2pdf1563
594bb235/Rd2.aux)

LaTeX Font Warning: Some font shapes were not available, defaults substituted.

 )
(see the transcript file for additional information){/usr/local/texlive/2022/te
xmf-dist/fonts/enc/dvips/base/8r.enc}{/usr/local/texlive/2022/texmf-dist/fonts/
enc/dvips/inconsolata/i4-ts1.enc}{/usr/local/texlive/2022/texmf-dist/fonts/enc/
dvips/inconsolata/i4-t1-0.enc}{/usr/local/texlive/2022/texmf-dist/fonts/enc/dvi
ps/cm-super/cm-super-ts1.enc}</usr/local/texlive/2022/texmf-dist/fonts/type1/pu
blic/inconsolata/Inconsolata-zi4r.pfb></usr/local/texlive/2022/texmf-dist/fonts
/type1/public/amsfonts/cm/cmsy10.pfb></usr/local/texlive/2022/texmf-dist/fonts/
type1/public/cm-super/sfrm1000.pfb></usr/local/texlive/2022/texmf-dist/fonts/ty
pe1/urw/helvetic/uhvr8a.pfb></usr/local/texlive/2022/texmf-dist/fonts/type1/urw
/times/utmb8a.pfb></usr/local/texlive/2022/texmf-dist/fonts/type1/urw/times/utm
r8a.pfb></usr/local/texlive/2022/texmf-dist/fonts/type1/urw/times/utmr8a.pfb></
usr/local/texlive/2022/texmf-dist/fonts/type1/urw/times/utmri8a.pfb>
Output written on Rd2.pdf (97 pages, 334783 bytes).
Transcript written on Rd2.log.
This is makeindex, version 2.16 [TeX Live 2022] (kpathsea + Thai support).
Scanning input file Rd2.idx....done (387 entries accepted, 0 rejected).
Sorting entries......done (3688 comparisons).
Generating output file Rd2.ind....done (393 lines written, 2 warnings).
Output written in Rd2.ind.
Transcript written in Rd2.ilg.
This is pdfTeX, Version 3.141592653-2.6-1.40.24 (TeX Live 2022) (preloaded format=pdflatex)
 restricted \write18 enabled.
entering extended mode
LaTeX2e <2021-11-15> patch level 1
L3 programming layer <2022-02-24> (./Rd2.tex
(/usr/local/texlive/2022/texmf-dist/tex/latex/base/book.cls
Document Class: book 2021/10/04 v1.4n Standard LaTeX document class
(/usr/local/texlive/2022/texmf-dist/tex/latex/base/bk10.clo))
(/Library/Frameworks/R.framework/Resources/share/texmf/tex/latex/Rd.sty
(/usr/local/texlive/2022/texmf-dist/tex/latex/base/ifthen.sty)
(/usr/local/texlive/2022/texmf-dist/tex/generic/iftex/iftex.sty)
(/usr/local/texlive/2022/texmf-dist/tex/latex/tools/longtable.sty)
(/usr/local/texlive/2022/texmf-dist/tex/latex/tools/bm.sty)
(/usr/local/texlive/2022/texmf-dist/tex/latex/base/alltt.sty)
(/usr/local/texlive/2022/texmf-dist/tex/latex/tools/verbatim.sty)
(/usr/local/texlive/2022/texmf-dist/tex/latex/url/url.sty)
(/usr/local/texlive/2022/texmf-dist/tex/latex/base/textcomp.sty)
(/usr/local/texlive/2022/texmf-dist/tex/latex/amsmath/amsmath.sty
For additional information on amsmath, use the `?' option.
(/usr/local/texlive/2022/texmf-dist/tex/latex/amsmath/amstext.sty
(/usr/local/texlive/2022/texmf-dist/tex/latex/amsmath/amsgen.sty))
(/usr/local/texlive/2022/texmf-dist/tex/latex/amsmath/amsbsy.sty)
(/usr/local/texlive/2022/texmf-dist/tex/latex/amsmath/amsopn.sty))
(/usr/local/texlive/2022/texmf-dist/tex/latex/amsfonts/amsfonts.sty)
(/usr/local/texlive/2022/texmf-dist/tex/latex/amsfonts/amssymb.sty)
(/usr/local/texlive/2022/texmf-dist/tex/latex/jknapltx/mathrsfs.sty)
(/usr/local/texlive/2022/texmf-dist/tex/latex/base/fontenc.sty)
(/usr/local/texlive/2022/texmf-dist/tex/latex/psnfss/times.sty)
(/usr/local/texlive/2022/texmf-dist/tex/latex/inconsolata/zi4.sty
`inconsolata-zi4' v1.12, 2019/05/17 Text macros for Inconsolata (msharpe)
(/usr/local/texlive/2022/texmf-dist/tex/latex/xkeyval/xkeyval.sty
(/usr/local/texlive/2022/texmf-dist/tex/generic/xkeyval/xkeyval.tex
(/usr/local/texlive/2022/texmf-dist/tex/generic/xkeyval/xkvutils.tex
(/usr/local/texlive/2022/texmf-dist/tex/generic/xkeyval/keyval.tex)))))
(/usr/local/texlive/2022/texmf-dist/tex/latex/graphics/color.sty
(/usr/local/texlive/2022/texmf-dist/tex/latex/graphics-cfg/color.cfg)
(/usr/local/texlive/2022/texmf-dist/tex/latex/graphics-def/pdftex.def))
(/usr/local/texlive/2022/texmf-dist/tex/latex/hyperref/hyperref.sty
(/usr/local/texlive/2022/texmf-dist/tex/generic/ltxcmds/ltxcmds.sty)
(/usr/local/texlive/2022/texmf-dist/tex/generic/pdftexcmds/pdftexcmds.sty
(/usr/local/texlive/2022/texmf-dist/tex/generic/infwarerr/infwarerr.sty))
(/usr/local/texlive/2022/texmf-dist/tex/generic/kvsetkeys/kvsetkeys.sty)
(/usr/local/texlive/2022/texmf-dist/tex/generic/kvdefinekeys/kvdefinekeys.sty)
(/usr/local/texlive/2022/texmf-dist/tex/generic/pdfescape/pdfescape.sty)
(/usr/local/texlive/2022/texmf-dist/tex/latex/hycolor/hycolor.sty)
(/usr/local/texlive/2022/texmf-dist/tex/latex/letltxmacro/letltxmacro.sty)
(/usr/local/texlive/2022/texmf-dist/tex/latex/auxhook/auxhook.sty)
(/usr/local/texlive/2022/texmf-dist/tex/latex/kvoptions/kvoptions.sty)
(/usr/local/texlive/2022/texmf-dist/tex/latex/hyperref/pd1enc.def)
(/usr/local/texlive/2022/texmf-dist/tex/generic/intcalc/intcalc.sty)
(/usr/local/texlive/2022/texmf-dist/tex/generic/etexcmds/etexcmds.sty)
(/usr/local/texlive/2022/texmf-dist/tex/latex/hyperref/puenc.def)
(/usr/local/texlive/2022/texmf-dist/tex/generic/bitset/bitset.sty
(/usr/local/texlive/2022/texmf-dist/tex/generic/bigintcalc/bigintcalc.sty))
(/usr/local/texlive/2022/texmf-dist/tex/latex/base/atbegshi-ltx.sty))
(/usr/local/texlive/2022/texmf-dist/tex/latex/hyperref/hpdftex.def
(/usr/local/texlive/2022/texmf-dist/tex/latex/base/atveryend-ltx.sty)
(/usr/local/texlive/2022/texmf-dist/tex/latex/rerunfilecheck/rerunfilecheck.sty

(/usr/local/texlive/2022/texmf-dist/tex/generic/uniquecounter/uniquecounter.sty
)))) (/usr/local/texlive/2022/texmf-dist/tex/latex/base/makeidx.sty)
Writing index file Rd2.idx
(/usr/local/texlive/2022/texmf-dist/tex/latex/psnfss/t1ptm.fd)
(/usr/local/texlive/2022/texmf-dist/tex/latex/l3backend/l3backend-pdftex.def)
(/private/var/folders/th/76hf527d5x3fbnpft9663cjw0000gn/T/Rtmp2xQmX4/Rd2pdf1563
594bb235/Rd2.aux)
(/usr/local/texlive/2022/texmf-dist/tex/context/base/mkii/supp-pdf.mkii
[Loading MPS to PDF converter (version 2006.09.02).]
) (/usr/local/texlive/2022/texmf-dist/tex/latex/hyperref/nameref.sty
(/usr/local/texlive/2022/texmf-dist/tex/latex/refcount/refcount.sty)
(/usr/local/texlive/2022/texmf-dist/tex/generic/gettitlestring/gettitlestring.s
ty))
(/private/var/folders/th/76hf527d5x3fbnpft9663cjw0000gn/T/Rtmp2xQmX4/Rd2pdf1563
594bb235/Rd2.out)
(/private/var/folders/th/76hf527d5x3fbnpft9663cjw0000gn/T/Rtmp2xQmX4/Rd2pdf1563
594bb235/Rd2.out)
(/usr/local/texlive/2022/texmf-dist/tex/latex/psnfss/ts1ptm.fd)
(/usr/local/texlive/2022/texmf-dist/tex/latex/inconsolata/t1zi4.fd)
(/usr/local/texlive/2022/texmf-dist/tex/latex/amsfonts/umsa.fd)
(/usr/local/texlive/2022/texmf-dist/tex/latex/amsfonts/umsb.fd)
(/usr/local/texlive/2022/texmf-dist/tex/latex/jknapltx/ursfs.fd)
(/private/var/folders/th/76hf527d5x3fbnpft9663cjw0000gn/T/Rtmp2xQmX4/Rd2pdf1563
594bb235/Rd2.toc [1{/usr/local/texlive/2022/texmf-var/fonts/map/pdftex/updmap/p
dftex.map}] [2])
Underfull \hbox (badness 10000) in paragraph at lines 57--115


Underfull \hbox (badness 10000) in paragraph at lines 57--115


Underfull \hbox (badness 10000) in paragraph at lines 57--115


Underfull \hbox (badness 10000) in paragraph at lines 57--115


Underfull \hbox (badness 10000) in paragraph at lines 57--115


Underfull \hbox (badness 10000) in paragraph at lines 57--115


Underfull \hbox (badness 10000) in paragraph at lines 57--115

[3]
Overfull \hbox (14.78088pt too wide) in paragraph at lines 130--131
[][][]\T1/zi4/m/n/10 rp.control[][][][]\T1/ptm/m/n/10 ,[][][]\T1/zi4/m/n/10 rp.
button[][][][]\T1/ptm/m/n/10 ,[][][]\T1/zi4/m/n/10 rp.slider[][][][]\T1/ptm/m/n
/10 ,[][][]\T1/zi4/m/n/10 rp.doublebutton[][][][]\T1/ptm/m/n/10 ,[][][]\T1/zi4/
m/n/10 rp.textentry[][][][]\T1/ptm/m/n/10 ,[][][]\T1/zi4/m/n/10 rp.checkbox[][]
[][]\T1/ptm/m/n/10 ,[][][]\T1/zi4/m/n/10 rp.radiogroup[][][] 
[4]
Overfull \hbox (2.75702pt too wide) in paragraph at lines 146--152
\T1/ptm/m/n/10 service-hours, be-tween fail-ures of the air-conditioning equip-
ment in a Boe-ing 720 air-craft. (Proschan
[5] [6] [7] [8]
Overfull \hbox (0.22615pt too wide) in paragraph at lines 365--366
[]\T1/ptm/m/n/10 Access to these data was kindly fa-cil-i-tated by the Manuscri
pt Di-vi-sion of the US Li-brary of Congress
[9]
Overfull \hbox (44.89676pt too wide) in paragraph at lines 371--372
[]\T1/ptm/m/n/10 Alexander Gra-ham Bell fam-ily pa-pers, 1834-1974. US Li-brary
 of Congress. https://lccn.loc.gov/mm76051268. 
[10] [11] [12] [13]
(/usr/local/texlive/2022/texmf-dist/tex/latex/inconsolata/ts1zi4.fd) [14]
Overfull \hbox (16.3794pt too wide) in paragraph at lines 670--670
 []\T1/zi4/m/n/10 rp.anova(y, x, z, model = NA, model0 = NA, ylab = NA, xlab = 
NA, zlab = NA, title = NULL, 
[15] (/usr/local/texlive/2022/texmf-dist/tex/latex/psnfss/t1phv.fd) [16]
[17] [18] [19] [20]
Overfull \hbox (8.13824pt too wide) in paragraph at lines 981--983
[]\T1/ptm/m/n/10 the ti-tle of the check-box group. This de-faults to the name 
of the vari-able []\T1/zi4/m/n/10 variable[]\T1/ptm/m/n/10 . 
[21] [22] [23] [24] [25] [26] [27] [28] [29] [30]
Overfull \hbox (13.92102pt too wide) in paragraph at lines 1485--1499
[][][]\T1/zi4/m/n/10 rp.button[][][][]\T1/ptm/m/n/10 , [][][]\T1/zi4/m/n/10 rp.
checkbox[][][][]\T1/ptm/m/n/10 , [][][]\T1/zi4/m/n/10 rp.combo[][][][]\T1/ptm/m
/n/10 , [][][]\T1/zi4/m/n/10 rp.doublebutton[][][][]\T1/ptm/m/n/10 , [][][]\T1/
zi4/m/n/10 rp.grid[][][][]\T1/ptm/m/n/10 , [][][]\T1/zi4/m/n/10 rp.image[][][][
]\T1/ptm/m/n/10 , [][][]\T1/zi4/m/n/10 rp.listbox[][][][]\T1/ptm/m/n/10 , [][][
]\T1/zi4/m/n/10 rp.menu[][][][]\T1/ptm/m/n/10 ,
[31]
Overfull \hbox (12.85812pt too wide) in paragraph at lines 1538--1539
[]\T1/ptm/m/n/10 the pan-el-name of the rel-e-vant panel. This is usu-ally iden
-ti-fied as []\T1/zi4/m/n/10 panel$panelname[]\T1/ptm/m/n/10 . 
[32]
Overfull \hbox (2.05905pt too wide) in paragraph at lines 1587--1588
[]\T1/ptm/m/n/10 When []\T1/zi4/m/n/10 action = "set local directory"[]\T1/ptm/
m/n/10 , this should be a sin-gle char-ac-ter string
[33] [34] [35] [36] [37]
Overfull \hbox (43.29858pt too wide) in paragraph at lines 1839--1840
[]\T1/ptm/m/n/10 a named vec-tor of colours to be used in the con-struc-tion of
 the plot. See []\T1/zi4/m/n/10 help(rp.colours)
[38]
Overfull \hbox (11.41006pt too wide) in paragraph at lines 1874--1874
 []\T1/zi4/m/n/10 rp.firth(hscale = NA, col.palette = rev(heat.colors(40)), col
.se = "blue", file = NA, 

Overfull \hbox (1.38884pt too wide) in paragraph at lines 1896--1897
\T1/ptm/m/n/10 rec-tory, for ex-am-ple to a file named []\T1/zi4/m/n/10 firth.d
mp[]\T1/ptm/m/n/10 , is to set the []\T1/zi4/m/n/10 file []\T1/ptm/m/n/10 ar-gu
-ment to []\T1/zi4/m/n/10 file.path(getwd(),
[39] [40] [41] [42] [43]
Overfull \hbox (9.76044pt too wide) in paragraph at lines 2138--2138
 []\T1/zi4/m/n/10 rp.image(panel, filename, imagename, action=NA, mousedrag=NA,
 mouseup=NA, pos=NULL, 
[44] [45] [46]
Overfull \hbox (1.39984pt too wide) in paragraph at lines 2274--2274
 []\T1/zi4/m/n/10 rp.line(panel, imagename, x1, y1, x2, y2, color = "black", wi
dth = 2, id = \TS1/zi4/m/n/10 '\T1/zi4/m/n/10 rpline\TS1/zi4/m/n/10 '\T1/zi4/m/
n/10 ) 
[47] [48] [49]
Overfull \hbox (0.48805pt too wide) in paragraph at lines 2430--2431
\T1/ptm/m/n/10 When there are more than two ex-plana-tory vari-ables the model 
is passed on to the [][][]\T1/zi4/m/n/10 rp.coefficients[][][]

Overfull \hbox (11.5178pt too wide) in paragraph at lines 2452--2453
[]\T1/ptm/m/n/10 a char-ac-ter value which de-ter-mines whether the un-cer-tain
ty dis-play is in []\TS1/zi4/m/n/10 '\T1/zi4/m/n/10 density\TS1/zi4/m/n/10 '
[50] [51] [52] [53] [54] [55]
Overfull \hbox (21.41006pt too wide) in paragraph at lines 2709--2709
 []\T1/zi4/m/n/10 rp.mururoa(hscale = NA, col.palette = rev(heat.colors(40)), c
ol.se = "blue", file = NA, 

Overfull \hbox (19.16873pt too wide) in paragraph at lines 2731--2732
\T1/ptm/m/n/10 di-rec-tory, for ex-am-ple to a file named []\T1/zi4/m/n/10 muru
roa.dmp[]\T1/ptm/m/n/10 , is to set the []\T1/zi4/m/n/10 file []\T1/ptm/m/n/10 
ar-gu-ment to []\T1/zi4/m/n/10 file.path(getwd(),
[56] [57]
Overfull \hbox (23.02776pt too wide) in paragraph at lines 2847--2848
[]\T1/ptm/m/n/10 The role of this func-tion is to spec-ify a note-book. Nest-in
g of note-books is per-mit-ted. []\T1/zi4/m/n/10 rp.notebook.raise
[58] [59] [60] [61] [62] [63] [64] [65]
Overfull \hbox (1.17773pt too wide) in paragraph at lines 3213--3214
[]\T1/ptm/m/n/10 An in-te-ger which spec-i-fies how many columns the con-trol s
hould span. Columns
[66] [67]
Overfull \hbox (24.76044pt too wide) in paragraph at lines 3300--3300
 []  \T1/zi4/m/n/10 parentname=deparse(substitute(panel)), name=paste("radiogro
up", .nc(), sep=""), ...)[] 
[68] [69] [70]
Overfull \hbox (0.498pt too wide) in paragraph at lines 3426--3427
\T1/ptm/m/n/10 dis-play. The vec-tor refers to the co-ef-fi-cients as listed in
 the out-put of the []\T1/zi4/m/n/10 summary
[71]
Overfull \hbox (12.99763pt too wide) in paragraph at lines 3492--3493
\T1/ptm/m/n/10 able de-ter-mines the type of plot pro-duced. It can be set to "
all", "mean", "mean+bar"
[72] [73]
Overfull \hbox (2.14766pt too wide) in paragraph at lines 3563--3564
[]\T1/ptm/m/n/10 a log-i-cal vec-tor which con-trols op-tions for graph-i-cal d
is-play of the sam-ple means,
[74]
Overfull \hbox (11.01932pt too wide) in paragraph at lines 3581--3582
\T1/zi4/m/n/10 FALSE, mean = FALSE, \TS1/zi4/m/n/10 '\T1/zi4/m/n/10 st.dev. sca
le\TS1/zi4/m/n/10 ' \T1/zi4/m/n/10 = FALSE) []\T1/ptm/m/n/10 while the de-fault
 for []\T1/zi4/m/n/10 display.mean []\T1/ptm/m/n/10 is []\T1/zi4/m/n/10 c(\TS1/
zi4/m/n/10 '\T1/zi4/m/n/10 sample

Overfull \hbox (2.28088pt too wide) in paragraph at lines 3581--3582
\T1/zi4/m/n/10 mean\TS1/zi4/m/n/10 ' \T1/zi4/m/n/10 = FALSE, \TS1/zi4/m/n/10 '\
T1/zi4/m/n/10 accumulate\TS1/zi4/m/n/10 ' \T1/zi4/m/n/10 = FALSE, \TS1/zi4/m/n/
10 '\T1/zi4/m/n/10 se scale\TS1/zi4/m/n/10 ' \T1/zi4/m/n/10 = FALSE, \TS1/zi4/m
/n/10 '\T1/zi4/m/n/10 t-statistic\TS1/zi4/m/n/10 ' \T1/zi4/m/n/10 = FALSE, \TS1
/zi4/m/n/10 '\T1/zi4/m/n/10 zoom\TS1/zi4/m/n/10 '
[75]
Overfull \hbox (8.09036pt too wide) in paragraph at lines 3649--3649
 []\T1/zi4/m/n/10 rp.slider(panel, variable, from, to, action=I, labels=NULL, n
ames=NULL, title=NULL, 

Overfull \hbox (4.76044pt too wide) in paragraph at lines 3653--3653
 []  \T1/zi4/m/n/10 parentname=deparse(substitute(panel)), name=paste("slider",
 .nc(), sep=""), ...)[] 
[76]
Underfull \hbox (badness 10000) in paragraph at lines 3703--3710

[77] [78] [79] [80]
Overfull \hbox (8.88837pt too wide) in paragraph at lines 3870--3871
[]\T1/ptm/m/n/10 a char-ac-ter string which de-ter-mines whether the lower ([]\
T1/zi4/m/n/10 "lower"[]\T1/ptm/m/n/10 ), up-per ([]\T1/zi4/m/n/10 "upper"[]\T1/
ptm/m/n/10 )
[81] [82]
Overfull \hbox (33.08014pt too wide) in paragraph at lines 3986--3986
 []  \T1/zi4/m/n/10 parentname = deparse(substitute(panel)), name = paste("text
entry", .nc(), sep=""), ...)[] 
[83] [84] [85]
Overfull \hbox (9.71954pt too wide) in paragraph at lines 4138--4138
 []           \T1/zi4/m/n/10 vscale=1, pos=NULL, foreground=NULL, background=NU
LL, margins=c(0, 0, 0, 0),[] 
[86] [87]
Overfull \hbox (43.4081pt too wide) in paragraph at lines 4253--4254
[]\T1/ptm/m/n/10 a nu-meric value con-trol-ling where the stan-dard er-ror rule
r is lo-cated when []\T1/zi4/m/n/10 ruler.position
[88]
Overfull \hbox (12.85812pt too wide) in paragraph at lines 4313--4314
[]\T1/ptm/m/n/10 the pan-el-name of the rel-e-vant panel. This is usu-ally iden
-ti-fied as []\T1/zi4/m/n/10 panel$panelname[]\T1/ptm/m/n/10 .

Overfull \hbox (12.85812pt too wide) in paragraph at lines 4343--4344
[]\T1/ptm/m/n/10 the pan-el-name of the rel-e-vant panel. This is usu-ally iden
-ti-fied as []\T1/zi4/m/n/10 panel$panelname[]\T1/ptm/m/n/10 .
[89] [90] [91] [92]
Overfull \hbox (203.78905pt too wide) in paragraph at lines 4535--4542
[]\T1/ptm/m/n/10 These data are pro-vided by the World Bank through the databas
e at []\T1/zi4/m/n/10 http://data.worldbank.org/data-catalog/world-development-
indicators

Overfull \hbox (58.63878pt too wide) in paragraph at lines 4535--4542
[]\T1/ptm/m/n/10 The data are also used use in the Google Pub-lic Data Ex-plore
r []\T1/zi4/m/n/10 http://www.google.com/publicdata/directory
[93]
(/private/var/folders/th/76hf527d5x3fbnpft9663cjw0000gn/T/Rtmp2xQmX4/Rd2pdf1563
594bb235/Rd2.ind [94] [95]

LaTeX Font Warning: Font shape `T1/zi4/m/it' undefined
(Font)              using `T1/zi4/m/n' instead on input line 163.

[96] [97])
(/private/var/folders/th/76hf527d5x3fbnpft9663cjw0000gn/T/Rtmp2xQmX4/Rd2pdf1563
594bb235/Rd2.aux)

LaTeX Font Warning: Some font shapes were not available, defaults substituted.

 )
(see the transcript file for additional information){/usr/local/texlive/2022/te
xmf-dist/fonts/enc/dvips/base/8r.enc}{/usr/local/texlive/2022/texmf-dist/fonts/
enc/dvips/inconsolata/i4-ts1.enc}{/usr/local/texlive/2022/texmf-dist/fonts/enc/
dvips/inconsolata/i4-t1-0.enc}{/usr/local/texlive/2022/texmf-dist/fonts/enc/dvi
ps/cm-super/cm-super-ts1.enc}</usr/local/texlive/2022/texmf-dist/fonts/type1/pu
blic/inconsolata/Inconsolata-zi4r.pfb></usr/local/texlive/2022/texmf-dist/fonts
/type1/public/amsfonts/cm/cmsy10.pfb></usr/local/texlive/2022/texmf-dist/fonts/
type1/public/cm-super/sfrm1000.pfb></usr/local/texlive/2022/texmf-dist/fonts/ty
pe1/urw/helvetic/uhvr8a.pfb></usr/local/texlive/2022/texmf-dist/fonts/type1/urw
/times/utmb8a.pfb></usr/local/texlive/2022/texmf-dist/fonts/type1/urw/times/utm
r8a.pfb></usr/local/texlive/2022/texmf-dist/fonts/type1/urw/times/utmr8a.pfb></
usr/local/texlive/2022/texmf-dist/fonts/type1/urw/times/utmri8a.pfb>
Output written on Rd2.pdf (97 pages, 334776 bytes).
Transcript written on Rd2.log.
Saving output to ‘rpanel-manual.pdf’ ...
Done
You may want to clean up by 'rm -Rf /var/folders/th/76hf527d5x3fbnpft9663cjw0000gn/T//Rtmp2xQmX4/Rd2pdf1563594bb235'
