This is pdfTeX, Version 3.141592653-2.6-1.40.24 (TeX Live 2022) (preloaded format=pdflatex 2022.8.24)  13 MAR 2026 15:32
entering extended mode
 restricted \write18 enabled.
 %&-line parsing enabled.
**\input ./Rd2.tex \input ./Rd2.tex \input ./Rd2.tex \input ./Rd2.tex
 (./Rd2.tex
(/usr/local/texlive/2022/texmf-dist/tex/latex/base/book.cls
Document Class: book 2021/10/04 v1.4n Standard LaTeX document class
(/usr/local/texlive/2022/texmf-dist/tex/latex/base/bk10.clo
File: bk10.clo 2021/10/04 v1.4n Standard LaTeX file (size option)
)
\c@part=\count185
\c@chapter=\count186
\c@section=\count187
\c@subsection=\count188
\c@subsubsection=\count189
\c@paragraph=\count190
\c@subparagraph=\count191
\c@figure=\count192
\c@table=\count193
\abovecaptionskip=\skip47
\belowcaptionskip=\skip48
\bibindent=\dimen138
)
(/Library/Frameworks/R.framework/Resources/share/texmf/tex/latex/Rd.sty
Package: Rd 

(/usr/local/texlive/2022/texmf-dist/tex/latex/base/ifthen.sty
Package: ifthen 2020/11/24 v1.1c Standard LaTeX ifthen package (DPC)
)
(/usr/local/texlive/2022/texmf-dist/tex/generic/iftex/iftex.sty
Package: iftex 2022/02/03 v1.0f TeX engine tests
)
(/usr/local/texlive/2022/texmf-dist/tex/latex/tools/longtable.sty
Package: longtable 2021-09-01 v4.17 Multi-page Table package (DPC)
\LTleft=\skip49
\LTright=\skip50
\LTpre=\skip51
\LTpost=\skip52
\LTchunksize=\count194
\LTcapwidth=\dimen139
\LT@head=\box50
\LT@firsthead=\box51
\LT@foot=\box52
\LT@lastfoot=\box53
\LT@gbox=\box54
\LT@cols=\count195
\LT@rows=\count196
\c@LT@tables=\count197
\c@LT@chunks=\count198
\LT@p@ftn=\toks16
)
(/usr/local/texlive/2022/texmf-dist/tex/latex/tools/bm.sty
Package: bm 2021/04/25 v1.2e Bold Symbol Support (DPC/FMi)
\symboldoperators=\mathgroup4
\symboldletters=\mathgroup5
\symboldsymbols=\mathgroup6
Package bm Info: No bold for \OMX/cmex/m/n, using \pmb.
LaTeX Font Info:    Redeclaring math alphabet \mathbf on input line 149.
)
(/usr/local/texlive/2022/texmf-dist/tex/latex/base/alltt.sty
Package: alltt 2021/01/29 v2.0g defines alltt environment
)
(/usr/local/texlive/2022/texmf-dist/tex/latex/tools/verbatim.sty
Package: verbatim 2020-07-07 v1.5u LaTeX2e package for verbatim enhancements
\every@verbatim=\toks17
\verbatim@line=\toks18
\verbatim@in@stream=\read2
)
(/usr/local/texlive/2022/texmf-dist/tex/latex/url/url.sty
\Urlmuskip=\muskip16
Package: url 2013/09/16  ver 3.4  Verb mode for urls, etc.
)
(/usr/local/texlive/2022/texmf-dist/tex/latex/base/textcomp.sty
Package: textcomp 2020/02/02 v2.0n Standard LaTeX package
)
(/usr/local/texlive/2022/texmf-dist/tex/latex/amsmath/amsmath.sty
Package: amsmath 2021/10/15 v2.17l AMS math features
\@mathmargin=\skip53

For additional information on amsmath, use the `?' option.
(/usr/local/texlive/2022/texmf-dist/tex/latex/amsmath/amstext.sty
Package: amstext 2021/08/26 v2.01 AMS text

(/usr/local/texlive/2022/texmf-dist/tex/latex/amsmath/amsgen.sty
File: amsgen.sty 1999/11/30 v2.0 generic functions
\@emptytoks=\toks19
\ex@=\dimen140
))
(/usr/local/texlive/2022/texmf-dist/tex/latex/amsmath/amsbsy.sty
Package: amsbsy 1999/11/29 v1.2d Bold Symbols
LaTeX Info: Redefining \boldsymbol on input line 28.
\pmbraise@=\dimen141
)
(/usr/local/texlive/2022/texmf-dist/tex/latex/amsmath/amsopn.sty
Package: amsopn 2021/08/26 v2.02 operator names
)
\inf@bad=\count199
LaTeX Info: Redefining \frac on input line 234.
\uproot@=\count266
\leftroot@=\count267
LaTeX Info: Redefining \overline on input line 399.
\classnum@=\count268
\DOTSCASE@=\count269
LaTeX Info: Redefining \ldots on input line 496.
LaTeX Info: Redefining \dots on input line 499.
LaTeX Info: Redefining \cdots on input line 620.
\Mathstrutbox@=\box55
\strutbox@=\box56
\big@size=\dimen142
LaTeX Font Info:    Redeclaring font encoding OML on input line 743.
LaTeX Font Info:    Redeclaring font encoding OMS on input line 744.
\macc@depth=\count270
\c@MaxMatrixCols=\count271
\dotsspace@=\muskip17
\c@parentequation=\count272
\dspbrk@lvl=\count273
\tag@help=\toks20
\row@=\count274
\column@=\count275
\maxfields@=\count276
\andhelp@=\toks21
\eqnshift@=\dimen143
\alignsep@=\dimen144
\tagshift@=\dimen145
\tagwidth@=\dimen146
\totwidth@=\dimen147
\lineht@=\dimen148
\@envbody=\toks22
\multlinegap=\skip54
\multlinetaggap=\skip55
\mathdisplay@stack=\toks23
LaTeX Info: Redefining \[ on input line 2938.
LaTeX Info: Redefining \] on input line 2939.
)
(/usr/local/texlive/2022/texmf-dist/tex/latex/amsfonts/amsfonts.sty
Package: amsfonts 2013/01/14 v3.01 Basic AMSFonts support
\symAMSa=\mathgroup7
\symAMSb=\mathgroup8
LaTeX Font Info:    Redeclaring math symbol \hbar on input line 98.
LaTeX Font Info:    Overwriting math alphabet `\mathfrak' in version `bold'
(Font)                  U/euf/m/n --> U/euf/b/n on input line 106.
)
(/usr/local/texlive/2022/texmf-dist/tex/latex/amsfonts/amssymb.sty
Package: amssymb 2013/01/14 v3.01 AMS font symbols
)
(/usr/local/texlive/2022/texmf-dist/tex/latex/jknapltx/mathrsfs.sty
Package: mathrsfs 1996/01/01 Math RSFS package v1.0 (jk)
\symrsfs=\mathgroup9
)
\ldescriptionwidth=\skip56

(/usr/local/texlive/2022/texmf-dist/tex/latex/base/fontenc.sty
Package: fontenc 2021/04/29 v2.0v Standard LaTeX package
)
(/usr/local/texlive/2022/texmf-dist/tex/latex/psnfss/times.sty
Package: times 2020/03/25 PSNFSS-v9.3 (SPQR) 
)
(/usr/local/texlive/2022/texmf-dist/tex/latex/inconsolata/zi4.sty
Package: zi4 2019/05/17 v1.12

`inconsolata-zi4' v1.12, 2019/05/17 Text macros for Inconsolata (msharpe)
(/usr/local/texlive/2022/texmf-dist/tex/latex/xkeyval/xkeyval.sty
Package: xkeyval 2020/11/20 v2.8 package option processing (HA)

(/usr/local/texlive/2022/texmf-dist/tex/generic/xkeyval/xkeyval.tex
(/usr/local/texlive/2022/texmf-dist/tex/generic/xkeyval/xkvutils.tex
\XKV@toks=\toks24
\XKV@tempa@toks=\toks25

(/usr/local/texlive/2022/texmf-dist/tex/generic/xkeyval/keyval.tex))
\XKV@depth=\count277
File: xkeyval.tex 2014/12/03 v2.7a key=value parser (HA)
))
\zifour@ocount=\count278
)
(/usr/local/texlive/2022/texmf-dist/tex/latex/graphics/color.sty
Package: color 2021/12/07 v1.3c Standard LaTeX Color (DPC)

(/usr/local/texlive/2022/texmf-dist/tex/latex/graphics-cfg/color.cfg
File: color.cfg 2016/01/02 v1.6 sample color configuration
)
Package color Info: Driver file: pdftex.def on input line 149.

(/usr/local/texlive/2022/texmf-dist/tex/latex/graphics-def/pdftex.def
File: pdftex.def 2020/10/05 v1.2a Graphics/color driver for pdftex
))
(/usr/local/texlive/2022/texmf-dist/tex/latex/hyperref/hyperref.sty
Package: hyperref 2022-02-21 v7.00n Hypertext links for LaTeX

(/usr/local/texlive/2022/texmf-dist/tex/generic/ltxcmds/ltxcmds.sty
Package: ltxcmds 2020-05-10 v1.25 LaTeX kernel commands for general use (HO)
)
(/usr/local/texlive/2022/texmf-dist/tex/generic/pdftexcmds/pdftexcmds.sty
Package: pdftexcmds 2020-06-27 v0.33 Utility functions of pdfTeX for LuaTeX (HO
)

(/usr/local/texlive/2022/texmf-dist/tex/generic/infwarerr/infwarerr.sty
Package: infwarerr 2019/12/03 v1.5 Providing info/warning/error messages (HO)
)
Package pdftexcmds Info: \pdf@primitive is available.
Package pdftexcmds Info: \pdf@ifprimitive is available.
Package pdftexcmds Info: \pdfdraftmode found.
)
(/usr/local/texlive/2022/texmf-dist/tex/generic/kvsetkeys/kvsetkeys.sty
Package: kvsetkeys 2019/12/15 v1.18 Key value parser (HO)
)
(/usr/local/texlive/2022/texmf-dist/tex/generic/kvdefinekeys/kvdefinekeys.sty
Package: kvdefinekeys 2019-12-19 v1.6 Define keys (HO)
)
(/usr/local/texlive/2022/texmf-dist/tex/generic/pdfescape/pdfescape.sty
Package: pdfescape 2019/12/09 v1.15 Implements pdfTeX's escape features (HO)
)
(/usr/local/texlive/2022/texmf-dist/tex/latex/hycolor/hycolor.sty
Package: hycolor 2020-01-27 v1.10 Color options for hyperref/bookmark (HO)
)
(/usr/local/texlive/2022/texmf-dist/tex/latex/letltxmacro/letltxmacro.sty
Package: letltxmacro 2019/12/03 v1.6 Let assignment for LaTeX macros (HO)
)
(/usr/local/texlive/2022/texmf-dist/tex/latex/auxhook/auxhook.sty
Package: auxhook 2019-12-17 v1.6 Hooks for auxiliary files (HO)
)
(/usr/local/texlive/2022/texmf-dist/tex/latex/kvoptions/kvoptions.sty
Package: kvoptions 2020-10-07 v3.14 Key value format for package options (HO)
)
\@linkdim=\dimen149
\Hy@linkcounter=\count279
\Hy@pagecounter=\count280

(/usr/local/texlive/2022/texmf-dist/tex/latex/hyperref/pd1enc.def
File: pd1enc.def 2022-02-21 v7.00n Hyperref: PDFDocEncoding definition (HO)
Now handling font encoding PD1 ...
... no UTF-8 mapping file for font encoding PD1
)
(/usr/local/texlive/2022/texmf-dist/tex/generic/intcalc/intcalc.sty
Package: intcalc 2019/12/15 v1.3 Expandable calculations with integers (HO)
)
(/usr/local/texlive/2022/texmf-dist/tex/generic/etexcmds/etexcmds.sty
Package: etexcmds 2019/12/15 v1.7 Avoid name clashes with e-TeX commands (HO)
)
\Hy@SavedSpaceFactor=\count281

(/usr/local/texlive/2022/texmf-dist/tex/latex/hyperref/puenc.def
File: puenc.def 2022-02-21 v7.00n Hyperref: PDF Unicode definition (HO)
Now handling font encoding PU ...
... no UTF-8 mapping file for font encoding PU
)
Package hyperref Info: Hyper figures OFF on input line 4137.
Package hyperref Info: Link nesting OFF on input line 4142.
Package hyperref Info: Hyper index ON on input line 4145.
Package hyperref Info: Plain pages OFF on input line 4152.
Package hyperref Info: Backreferencing OFF on input line 4157.
Package hyperref Info: Implicit mode ON; LaTeX internals redefined.
Package hyperref Info: Bookmarks ON on input line 4390.
\c@Hy@tempcnt=\count282
LaTeX Info: Redefining \url on input line 4749.
\XeTeXLinkMargin=\dimen150

(/usr/local/texlive/2022/texmf-dist/tex/generic/bitset/bitset.sty
Package: bitset 2019/12/09 v1.3 Handle bit-vector datatype (HO)

(/usr/local/texlive/2022/texmf-dist/tex/generic/bigintcalc/bigintcalc.sty
Package: bigintcalc 2019/12/15 v1.5 Expandable calculations on big integers (HO
)
))
\Fld@menulength=\count283
\Field@Width=\dimen151
\Fld@charsize=\dimen152
Package hyperref Info: Hyper figures OFF on input line 6027.
Package hyperref Info: Link nesting OFF on input line 6032.
Package hyperref Info: Hyper index ON on input line 6035.
Package hyperref Info: backreferencing OFF on input line 6042.
Package hyperref Info: Link coloring OFF on input line 6047.
Package hyperref Info: Link coloring with OCG OFF on input line 6052.
Package hyperref Info: PDF/A mode OFF on input line 6057.
LaTeX Info: Redefining \ref on input line 6097.
LaTeX Info: Redefining \pageref on input line 6101.

(/usr/local/texlive/2022/texmf-dist/tex/latex/base/atbegshi-ltx.sty
Package: atbegshi-ltx 2021/01/10 v1.0c Emulation of the original atbegshi
package with kernel methods
)
\Hy@abspage=\count284
\c@Item=\count285
\c@Hfootnote=\count286
)
Package hyperref Info: Driver (autodetected): hpdftex.

(/usr/local/texlive/2022/texmf-dist/tex/latex/hyperref/hpdftex.def
File: hpdftex.def 2022-02-21 v7.00n Hyperref driver for pdfTeX

(/usr/local/texlive/2022/texmf-dist/tex/latex/base/atveryend-ltx.sty
Package: atveryend-ltx 2020/08/19 v1.0a Emulation of the original atveryend pac
kage
with kernel methods
)
\Fld@listcount=\count287
\c@bookmark@seq@number=\count288

(/usr/local/texlive/2022/texmf-dist/tex/latex/rerunfilecheck/rerunfilecheck.sty
Package: rerunfilecheck 2019/12/05 v1.9 Rerun checks for auxiliary files (HO)

(/usr/local/texlive/2022/texmf-dist/tex/generic/uniquecounter/uniquecounter.sty
Package: uniquecounter 2019/12/15 v1.4 Provide unlimited unique counter (HO)
)
Package uniquecounter Info: New unique counter `rerunfilecheck' on input line 2
86.
)
\Hy@SectionHShift=\skip57
)
Package hyperref Info: Option `colorlinks' set `true' on input line 413.
Package hyperref Info: Option `linktocpage' set `true' on input line 413.
Package hyperref Info: Option `plainpages' set `false' on input line 413.
) (/usr/local/texlive/2022/texmf-dist/tex/latex/base/makeidx.sty
Package: makeidx 2021/10/04 v1.0m Standard LaTeX package
)
\@indexfile=\write3
\openout3 = `Rd2.idx'.


Writing index file Rd2.idx
LaTeX Font Info:    Trying to load font information for T1+ptm on input line 8.

(/usr/local/texlive/2022/texmf-dist/tex/latex/psnfss/t1ptm.fd
File: t1ptm.fd 2001/06/04 font definitions for T1/ptm.
)
(/usr/local/texlive/2022/texmf-dist/tex/latex/l3backend/l3backend-pdftex.def
File: l3backend-pdftex.def 2022-02-07 L3 backend support: PDF output (pdfTeX)
\l__color_backend_stack_int=\count289
\l__pdf_internal_box=\box57
)
(/private/var/folders/th/76hf527d5x3fbnpft9663cjw0000gn/T/Rtmp2xQmX4/Rd2pdf1563
594bb235/Rd2.aux)
\openout1 = `Rd2.aux'.

LaTeX Font Info:    Checking defaults for OML/cmm/m/it on input line 8.
LaTeX Font Info:    ... okay on input line 8.
LaTeX Font Info:    Checking defaults for OMS/cmsy/m/n on input line 8.
LaTeX Font Info:    ... okay on input line 8.
LaTeX Font Info:    Checking defaults for OT1/cmr/m/n on input line 8.
LaTeX Font Info:    ... okay on input line 8.
LaTeX Font Info:    Checking defaults for T1/cmr/m/n on input line 8.
LaTeX Font Info:    ... okay on input line 8.
LaTeX Font Info:    Checking defaults for TS1/cmr/m/n on input line 8.
LaTeX Font Info:    ... okay on input line 8.
LaTeX Font Info:    Checking defaults for OMX/cmex/m/n on input line 8.
LaTeX Font Info:    ... okay on input line 8.
LaTeX Font Info:    Checking defaults for U/cmr/m/n on input line 8.
LaTeX Font Info:    ... okay on input line 8.
LaTeX Font Info:    Checking defaults for PD1/pdf/m/n on input line 8.
LaTeX Font Info:    ... okay on input line 8.
LaTeX Font Info:    Checking defaults for PU/pdf/m/n on input line 8.
LaTeX Font Info:    ... okay on input line 8.

(/usr/local/texlive/2022/texmf-dist/tex/context/base/mkii/supp-pdf.mkii
[Loading MPS to PDF converter (version 2006.09.02).]
\scratchcounter=\count290
\scratchdimen=\dimen153
\scratchbox=\box58
\nofMPsegments=\count291
\nofMParguments=\count292
\everyMPshowfont=\toks26
\MPscratchCnt=\count293
\MPscratchDim=\dimen154
\MPnumerator=\count294
\makeMPintoPDFobject=\count295
\everyMPtoPDFconversion=\toks27
)
Package hyperref Info: Link coloring ON on input line 8.
 (/usr/local/texlive/2022/texmf-dist/tex/latex/hyperref/nameref.sty
Package: nameref 2021-04-02 v2.47 Cross-referencing by name of section

(/usr/local/texlive/2022/texmf-dist/tex/latex/refcount/refcount.sty
Package: refcount 2019/12/15 v3.6 Data extraction from label references (HO)
)
(/usr/local/texlive/2022/texmf-dist/tex/generic/gettitlestring/gettitlestring.s
ty
Package: gettitlestring 2019/12/15 v1.6 Cleanup title references (HO)
)
\c@section@level=\count296
)
LaTeX Info: Redefining \ref on input line 8.
LaTeX Info: Redefining \pageref on input line 8.
LaTeX Info: Redefining \nameref on input line 8.

(/private/var/folders/th/76hf527d5x3fbnpft9663cjw0000gn/T/Rtmp2xQmX4/Rd2pdf1563
594bb235/Rd2.out)
(/private/var/folders/th/76hf527d5x3fbnpft9663cjw0000gn/T/Rtmp2xQmX4/Rd2pdf1563
594bb235/Rd2.out)
\@outlinefile=\write4
\openout4 = `Rd2.out'.

LaTeX Font Info:    Trying to load font information for TS1+ptm on input line 1
9.

(/usr/local/texlive/2022/texmf-dist/tex/latex/psnfss/ts1ptm.fd
File: ts1ptm.fd 2001/06/04 font definitions for TS1/ptm.
)
Package textcomp Info: Symbol \textasciigrave not provided by
(textcomp)             font family ptm in TS1 encoding.
(textcomp)             Default family used instead on input line 32.
Package textcomp Info: Symbol \textasciigrave not provided by
(textcomp)             font family ptm in TS1 encoding.
(textcomp)             Default family used instead on input line 32.
LaTeX Font Info:    Trying to load font information for T1+zi4 on input line 34
.

(/usr/local/texlive/2022/texmf-dist/tex/latex/inconsolata/t1zi4.fd
File: t1zi4.fd 2018/01/14 T1/zi4 (Inconsolata)
)
LaTeX Font Info:    Font shape `T1/zi4/m/n' will be
(Font)              scaled to size 10.0pt on input line 34.
LaTeX Font Info:    Trying to load font information for U+msa on input line 34.


(/usr/local/texlive/2022/texmf-dist/tex/latex/amsfonts/umsa.fd
File: umsa.fd 2013/01/14 v3.01 AMS symbols A
)
LaTeX Font Info:    Trying to load font information for U+msb on input line 34.


(/usr/local/texlive/2022/texmf-dist/tex/latex/amsfonts/umsb.fd
File: umsb.fd 2013/01/14 v3.01 AMS symbols B
)
LaTeX Font Info:    Trying to load font information for U+rsfs on input line 34
.

(/usr/local/texlive/2022/texmf-dist/tex/latex/jknapltx/ursfs.fd
File: ursfs.fd 1998/03/24 rsfs font definition file (jk)
)
(/private/var/folders/th/76hf527d5x3fbnpft9663cjw0000gn/T/Rtmp2xQmX4/Rd2pdf1563
594bb235/Rd2.toc [1


{/usr/local/texlive/2022/texmf-var/fonts/map/pdftex/updmap/pdftex.map}] [2])
\tf@toc=\write5
\openout5 = `Rd2.toc'.


Underfull \hbox (badness 10000) in paragraph at lines 57--115

 []


Underfull \hbox (badness 10000) in paragraph at lines 57--115

 []


Underfull \hbox (badness 10000) in paragraph at lines 57--115

 []


Underfull \hbox (badness 10000) in paragraph at lines 57--115

 []


Underfull \hbox (badness 10000) in paragraph at lines 57--115

 []


Underfull \hbox (badness 10000) in paragraph at lines 57--115

 []


Underfull \hbox (badness 10000) in paragraph at lines 57--115

 []

[3]
Overfull \hbox (14.78088pt too wide) in paragraph at lines 130--131
[][][]\T1/zi4/m/n/10 rp.control[][][][]\T1/ptm/m/n/10 ,[][][]\T1/zi4/m/n/10 rp.
button[][][][]\T1/ptm/m/n/10 ,[][][]\T1/zi4/m/n/10 rp.slider[][][][]\T1/ptm/m/n
/10 ,[][][]\T1/zi4/m/n/10 rp.doublebutton[][][][]\T1/ptm/m/n/10 ,[][][]\T1/zi4/
m/n/10 rp.textentry[][][][]\T1/ptm/m/n/10 ,[][][]\T1/zi4/m/n/10 rp.checkbox[][]
[][]\T1/ptm/m/n/10 ,[][][]\T1/zi4/m/n/10 rp.radiogroup[][][] 
 []

[4]
LaTeX Font Info:    Font shape `T1/zi4/m/n' will be
(Font)              scaled to size 9.0pt on input line 134.

Overfull \hbox (2.75702pt too wide) in paragraph at lines 146--152
\T1/ptm/m/n/10 service-hours, be-tween fail-ures of the air-conditioning equip-
ment in a Boe-ing 720 air-craft. (Proschan
 []

[5] [6] [7] [8]
Overfull \hbox (0.22615pt too wide) in paragraph at lines 365--366
[]\T1/ptm/m/n/10 Access to these data was kindly fa-cil-i-tated by the Manuscri
pt Di-vi-sion of the US Li-brary of Congress
 []

[9]
Overfull \hbox (44.89676pt too wide) in paragraph at lines 371--372
[]\T1/ptm/m/n/10 Alexander Gra-ham Bell fam-ily pa-pers, 1834-1974. US Li-brary
 of Congress. https://lccn.loc.gov/mm76051268. 
 []

[10] [11] [12] [13]
LaTeX Font Info:    Trying to load font information for TS1+zi4 on input line 6
10.

(/usr/local/texlive/2022/texmf-dist/tex/latex/inconsolata/ts1zi4.fd
File: ts1zi4.fd 2018/01/14 TS1/zi4 (Inconsolata)
)
LaTeX Font Info:    Font shape `TS1/zi4/m/n' will be
(Font)              scaled to size 10.0pt on input line 610.
 [14]
Overfull \hbox (16.3794pt too wide) in paragraph at lines 670--670
 []\T1/zi4/m/n/10 rp.anova(y, x, z, model = NA, model0 = NA, ylab = NA, xlab = 
NA, zlab = NA, title = NULL, 
 []

[15]
LaTeX Font Info:    Trying to load font information for T1+phv on input line 72
7.
 (/usr/local/texlive/2022/texmf-dist/tex/latex/psnfss/t1phv.fd
File: t1phv.fd 2020/03/25 scalable font definitions for T1/phv.
) [16]
[17] [18] [19] [20]
Overfull \hbox (8.13824pt too wide) in paragraph at lines 981--983
[]\T1/ptm/m/n/10 the ti-tle of the check-box group. This de-faults to the name 
of the vari-able []\T1/zi4/m/n/10 variable[]\T1/ptm/m/n/10 . 
 []

[21] [22] [23] [24] [25] [26]
LaTeX Font Info:    Font shape `TS1/zi4/m/n' will be
(Font)              scaled to size 9.0pt on input line 1304.
 [27] [28] [29] [30]
Overfull \hbox (13.92102pt too wide) in paragraph at lines 1485--1499
[][][]\T1/zi4/m/n/10 rp.button[][][][]\T1/ptm/m/n/10 , [][][]\T1/zi4/m/n/10 rp.
checkbox[][][][]\T1/ptm/m/n/10 , [][][]\T1/zi4/m/n/10 rp.combo[][][][]\T1/ptm/m
/n/10 , [][][]\T1/zi4/m/n/10 rp.doublebutton[][][][]\T1/ptm/m/n/10 , [][][]\T1/
zi4/m/n/10 rp.grid[][][][]\T1/ptm/m/n/10 , [][][]\T1/zi4/m/n/10 rp.image[][][][
]\T1/ptm/m/n/10 , [][][]\T1/zi4/m/n/10 rp.listbox[][][][]\T1/ptm/m/n/10 , [][][
]\T1/zi4/m/n/10 rp.menu[][][][]\T1/ptm/m/n/10 ,
 []

[31]
Overfull \hbox (12.85812pt too wide) in paragraph at lines 1538--1539
[]\T1/ptm/m/n/10 the pan-el-name of the rel-e-vant panel. This is usu-ally iden
-ti-fied as []\T1/zi4/m/n/10 panel$panelname[]\T1/ptm/m/n/10 . 
 []

[32]
Overfull \hbox (2.05905pt too wide) in paragraph at lines 1587--1588
[]\T1/ptm/m/n/10 When []\T1/zi4/m/n/10 action = "set local directory"[]\T1/ptm/
m/n/10 , this should be a sin-gle char-ac-ter string
 []

[33] [34] [35] [36] [37]
Overfull \hbox (43.29858pt too wide) in paragraph at lines 1839--1840
[]\T1/ptm/m/n/10 a named vec-tor of colours to be used in the con-struc-tion of
 the plot. See []\T1/zi4/m/n/10 help(rp.colours)
 []

[38]
Overfull \hbox (11.41006pt too wide) in paragraph at lines 1874--1874
 []\T1/zi4/m/n/10 rp.firth(hscale = NA, col.palette = rev(heat.colors(40)), col
.se = "blue", file = NA, 
 []


Overfull \hbox (1.38884pt too wide) in paragraph at lines 1896--1897
\T1/ptm/m/n/10 rec-tory, for ex-am-ple to a file named []\T1/zi4/m/n/10 firth.d
mp[]\T1/ptm/m/n/10 , is to set the []\T1/zi4/m/n/10 file []\T1/ptm/m/n/10 ar-gu
-ment to []\T1/zi4/m/n/10 file.path(getwd(),
 []

[39] [40] [41] [42] [43]
Overfull \hbox (9.76044pt too wide) in paragraph at lines 2138--2138
 []\T1/zi4/m/n/10 rp.image(panel, filename, imagename, action=NA, mousedrag=NA,
 mouseup=NA, pos=NULL, 
 []

[44] [45] [46]
Overfull \hbox (1.39984pt too wide) in paragraph at lines 2274--2274
 []\T1/zi4/m/n/10 rp.line(panel, imagename, x1, y1, x2, y2, color = "black", wi
dth = 2, id = \TS1/zi4/m/n/10 '\T1/zi4/m/n/10 rpline\TS1/zi4/m/n/10 '\T1/zi4/m/
n/10 ) 
 []

[47] [48] [49]
Overfull \hbox (0.48805pt too wide) in paragraph at lines 2430--2431
\T1/ptm/m/n/10 When there are more than two ex-plana-tory vari-ables the model 
is passed on to the [][][]\T1/zi4/m/n/10 rp.coefficients[][][]
 []


Overfull \hbox (11.5178pt too wide) in paragraph at lines 2452--2453
[]\T1/ptm/m/n/10 a char-ac-ter value which de-ter-mines whether the un-cer-tain
ty dis-play is in []\TS1/zi4/m/n/10 '\T1/zi4/m/n/10 density\TS1/zi4/m/n/10 '
 []

[50] [51] [52] [53] [54] [55]
Overfull \hbox (21.41006pt too wide) in paragraph at lines 2709--2709
 []\T1/zi4/m/n/10 rp.mururoa(hscale = NA, col.palette = rev(heat.colors(40)), c
ol.se = "blue", file = NA, 
 []


Overfull \hbox (19.16873pt too wide) in paragraph at lines 2731--2732
\T1/ptm/m/n/10 di-rec-tory, for ex-am-ple to a file named []\T1/zi4/m/n/10 muru
roa.dmp[]\T1/ptm/m/n/10 , is to set the []\T1/zi4/m/n/10 file []\T1/ptm/m/n/10 
ar-gu-ment to []\T1/zi4/m/n/10 file.path(getwd(),
 []

[56] [57]
Overfull \hbox (23.02776pt too wide) in paragraph at lines 2847--2848
[]\T1/ptm/m/n/10 The role of this func-tion is to spec-ify a note-book. Nest-in
g of note-books is per-mit-ted. []\T1/zi4/m/n/10 rp.notebook.raise
 []

[58] [59] [60] [61] [62] [63] [64] [65]
Overfull \hbox (1.17773pt too wide) in paragraph at lines 3213--3214
[]\T1/ptm/m/n/10 An in-te-ger which spec-i-fies how many columns the con-trol s
hould span. Columns
 []

[66] [67]
Overfull \hbox (24.76044pt too wide) in paragraph at lines 3300--3300
 []  \T1/zi4/m/n/10 parentname=deparse(substitute(panel)), name=paste("radiogro
up", .nc(), sep=""), ...)[] 
 []

[68] [69] [70]
Overfull \hbox (0.498pt too wide) in paragraph at lines 3426--3427
\T1/ptm/m/n/10 dis-play. The vec-tor refers to the co-ef-fi-cients as listed in
 the out-put of the []\T1/zi4/m/n/10 summary
 []

[71]
Overfull \hbox (12.99763pt too wide) in paragraph at lines 3492--3493
\T1/ptm/m/n/10 able de-ter-mines the type of plot pro-duced. It can be set to "
all", "mean", "mean+bar"
 []

[72] [73]
Overfull \hbox (2.14766pt too wide) in paragraph at lines 3563--3564
[]\T1/ptm/m/n/10 a log-i-cal vec-tor which con-trols op-tions for graph-i-cal d
is-play of the sam-ple means,
 []

[74]
Overfull \hbox (11.01932pt too wide) in paragraph at lines 3581--3582
\T1/zi4/m/n/10 FALSE, mean = FALSE, \TS1/zi4/m/n/10 '\T1/zi4/m/n/10 st.dev. sca
le\TS1/zi4/m/n/10 ' \T1/zi4/m/n/10 = FALSE) []\T1/ptm/m/n/10 while the de-fault
 for []\T1/zi4/m/n/10 display.mean []\T1/ptm/m/n/10 is []\T1/zi4/m/n/10 c(\TS1/
zi4/m/n/10 '\T1/zi4/m/n/10 sample
 []


Overfull \hbox (2.28088pt too wide) in paragraph at lines 3581--3582
\T1/zi4/m/n/10 mean\TS1/zi4/m/n/10 ' \T1/zi4/m/n/10 = FALSE, \TS1/zi4/m/n/10 '\
T1/zi4/m/n/10 accumulate\TS1/zi4/m/n/10 ' \T1/zi4/m/n/10 = FALSE, \TS1/zi4/m/n/
10 '\T1/zi4/m/n/10 se scale\TS1/zi4/m/n/10 ' \T1/zi4/m/n/10 = FALSE, \TS1/zi4/m
/n/10 '\T1/zi4/m/n/10 t-statistic\TS1/zi4/m/n/10 ' \T1/zi4/m/n/10 = FALSE, \TS1
/zi4/m/n/10 '\T1/zi4/m/n/10 zoom\TS1/zi4/m/n/10 '
 []

[75]
Overfull \hbox (8.09036pt too wide) in paragraph at lines 3649--3649
 []\T1/zi4/m/n/10 rp.slider(panel, variable, from, to, action=I, labels=NULL, n
ames=NULL, title=NULL, 
 []


Overfull \hbox (4.76044pt too wide) in paragraph at lines 3653--3653
 []  \T1/zi4/m/n/10 parentname=deparse(substitute(panel)), name=paste("slider",
 .nc(), sep=""), ...)[] 
 []

[76]
Underfull \hbox (badness 10000) in paragraph at lines 3703--3710

 []

[77] [78] [79] [80]
Overfull \hbox (8.88837pt too wide) in paragraph at lines 3870--3871
[]\T1/ptm/m/n/10 a char-ac-ter string which de-ter-mines whether the lower ([]\
T1/zi4/m/n/10 "lower"[]\T1/ptm/m/n/10 ), up-per ([]\T1/zi4/m/n/10 "upper"[]\T1/
ptm/m/n/10 )
 []

[81] [82]
Overfull \hbox (33.08014pt too wide) in paragraph at lines 3986--3986
 []  \T1/zi4/m/n/10 parentname = deparse(substitute(panel)), name = paste("text
entry", .nc(), sep=""), ...)[] 
 []

[83] [84] [85]
Overfull \hbox (9.71954pt too wide) in paragraph at lines 4138--4138
 []           \T1/zi4/m/n/10 vscale=1, pos=NULL, foreground=NULL, background=NU
LL, margins=c(0, 0, 0, 0),[] 
 []

[86] [87]
Overfull \hbox (43.4081pt too wide) in paragraph at lines 4253--4254
[]\T1/ptm/m/n/10 a nu-meric value con-trol-ling where the stan-dard er-ror rule
r is lo-cated when []\T1/zi4/m/n/10 ruler.position
 []

[88]
Overfull \hbox (12.85812pt too wide) in paragraph at lines 4313--4314
[]\T1/ptm/m/n/10 the pan-el-name of the rel-e-vant panel. This is usu-ally iden
-ti-fied as []\T1/zi4/m/n/10 panel$panelname[]\T1/ptm/m/n/10 .
 []


Overfull \hbox (12.85812pt too wide) in paragraph at lines 4343--4344
[]\T1/ptm/m/n/10 the pan-el-name of the rel-e-vant panel. This is usu-ally iden
-ti-fied as []\T1/zi4/m/n/10 panel$panelname[]\T1/ptm/m/n/10 .
 []

[89] [90] [91] [92]
Overfull \hbox (203.78905pt too wide) in paragraph at lines 4535--4542
[]\T1/ptm/m/n/10 These data are pro-vided by the World Bank through the databas
e at []\T1/zi4/m/n/10 http://data.worldbank.org/data-catalog/world-development-
indicators
 []


Overfull \hbox (58.63878pt too wide) in paragraph at lines 4535--4542
[]\T1/ptm/m/n/10 The data are also used use in the Google Pub-lic Data Ex-plore
r []\T1/zi4/m/n/10 http://www.google.com/publicdata/directory
 []

[93]
(/private/var/folders/th/76hf527d5x3fbnpft9663cjw0000gn/T/Rtmp2xQmX4/Rd2pdf1563
594bb235/Rd2.ind [94] [95

]

LaTeX Font Warning: Font shape `T1/zi4/m/it' undefined
(Font)              using `T1/zi4/m/n' instead on input line 163.

LaTeX Font Info:    Font shape `T1/zi4/m/it' will be
(Font)              scaled to size 10.0pt on input line 177.
[96] [97])
(/private/var/folders/th/76hf527d5x3fbnpft9663cjw0000gn/T/Rtmp2xQmX4/Rd2pdf1563
594bb235/Rd2.aux)

LaTeX Font Warning: Some font shapes were not available, defaults substituted.

Package rerunfilecheck Info: File `Rd2.out' has not changed.
(rerunfilecheck)             Checksum: 29355AAE622BAEDBA9A96647B852780C;7900.
 ) 
Here is how much of TeX's memory you used:
 11132 strings out of 478268
 169421 string characters out of 5846347
 454201 words of memory out of 5000000
 28394 multiletter control sequences out of 15000+600000
 506929 words of font info for 76 fonts, out of 8000000 for 9000
 1141 hyphenation exceptions out of 8191
 77i,6n,79p,928b,618s stack positions out of 10000i,1000n,20000p,200000b,200000s
{/usr/local/texlive/2022/texmf-dist/fonts/enc/dvips/base/8r.enc}{/usr/local/t
exlive/2022/texmf-dist/fonts/enc/dvips/inconsolata/i4-ts1.enc}{/usr/local/texli
ve/2022/texmf-dist/fonts/enc/dvips/inconsolata/i4-t1-0.enc}{/usr/local/texlive/
2022/texmf-dist/fonts/enc/dvips/cm-super/cm-super-ts1.enc}</usr/local/texlive/2
022/texmf-dist/fonts/type1/public/inconsolata/Inconsolata-zi4r.pfb></usr/local/
texlive/2022/texmf-dist/fonts/type1/public/amsfonts/cm/cmsy10.pfb></usr/local/t
exlive/2022/texmf-dist/fonts/type1/public/cm-super/sfrm1000.pfb></usr/local/tex
live/2022/texmf-dist/fonts/type1/urw/helvetic/uhvr8a.pfb></usr/local/texlive/20
22/texmf-dist/fonts/type1/urw/times/utmb8a.pfb></usr/local/texlive/2022/texmf-d
ist/fonts/type1/urw/times/utmr8a.pfb></usr/local/texlive/2022/texmf-dist/fonts/
type1/urw/times/utmr8a.pfb></usr/local/texlive/2022/texmf-dist/fonts/type1/urw/
times/utmri8a.pfb>
Output written on Rd2.pdf (97 pages, 334776 bytes).
PDF statistics:
 2162 PDF objects out of 2487 (max. 8388607)
 2025 compressed objects within 21 object streams
 758 named destinations out of 1000 (max. 500000)
 633 words of extra memory for PDF output out of 10000 (max. 10000000)

